2026-01-16 15:38:13,896 - INFO - Starting trading bot
2026-01-16 15:41:02,481 - INFO - Starting trading bot
2026-01-16 15:41:05,045 - ERROR - Initial training failed: 401 Client Error: Unauthorized for url: https://coinswitch.co/trade/api/v2/candles?exchange=coinswitchx&symbol=BTC%2FINR&interval=1&start_time=1765966262820&end_time=1768558262820
2026-01-16 15:41:23,656 - INFO - Starting trading bot
2026-01-16 15:41:26,127 - ERROR - Initial training failed: 401 Client Error: Unauthorized for url: https://coinswitch.co/trade/api/v2/candles?exchange=coinswitchx&symbol=BTC%2FINR&interval=1&start_time=1765966283988&end_time=1768558283988
2026-01-16 15:42:43,152 - INFO - Starting trading bot
2026-01-16 15:42:44,915 - ERROR - Initial training failed: 401 Client Error: Unauthorized for url: https://coinswitch.co/trade/api/v2/candles?exchange=coinswitchx&symbol=BTC%2FINR&interval=1&start_time=1765966363430&end_time=1768558363430
2026-01-16 15:43:38,696 - INFO - Starting trading bot
2026-01-16 15:43:41,097 - ERROR - API Key Validation Failed: 401 Client Error: Unauthorized for url: https://coinswitch.co/trade/api/v2/validate/keys
2026-01-16 15:44:34,473 - INFO - Starting trading bot
2026-01-16 15:44:36,100 - ERROR - API Key Validation Failed: 401 Client Error: Unauthorized for url: https://coinswitch.co/trade/api/v2/validate/keys
2026-01-16 15:44:52,966 - INFO - Starting trading bot
2026-01-16 15:44:54,316 - ERROR - API Key Validation Failed: 401 Client Error: Unauthorized for url: https://coinswitch.co/trade/api/v2/validate/keys
2026-01-16 15:45:23,268 - INFO - Starting trading bot
2026-01-16 15:45:25,839 - ERROR - API Key Validation Failed: 401 Client Error: Unauthorized for url: https://coinswitch.co/trade/api/v2/validate/keys
2026-01-16 15:45:43,257 - INFO - Starting trading bot
2026-01-16 15:45:44,746 - ERROR - API Key Validation Failed: 401 Client Error: Unauthorized for url: https://coinswitch.co/trade/api/v2/validate/keys
2026-01-16 15:46:15,297 - INFO - Starting trading bot
2026-01-16 15:46:16,970 - ERROR - API Key Validation Failed: 401 Client Error: Unauthorized for url: https://coinswitch.co/trade/api/v2/validate/keys
2026-01-16 15:46:58,982 - INFO - Starting trading bot
2026-01-16 15:47:00,970 - ERROR - API Key Validation Failed: 401 Client Error: Unauthorized for url: https://coinswitch.co/trade/api/v2/validate/keys
2026-01-16 15:47:19,595 - INFO - Starting trading bot
2026-01-16 15:47:21,277 - ERROR - API Key Validation Failed: 401 Client Error: Unauthorized for url: https://coinswitch.co/trade/api/v2/validate/keys
2026-01-16 15:52:27,066 - INFO - Starting trading bot
2026-01-16 15:52:28,624 - INFO - API Key Validation: {'message': 'Valid Access'}
2026-01-16 15:52:29,999 - ERROR - Initial training failed: 401 Client Error: Unauthorized for url: https://coinswitch.co/trade/api/v2/candles?exchange=coinswitchx&symbol=BTC%2FINR&interval=1&start_time=1765966948625&end_time=1768558948625
2026-01-16 15:52:51,411 - INFO - Starting trading bot
2026-01-16 15:52:53,369 - INFO - API Key Validation: {'message': 'Valid Access'}
2026-01-16 15:52:55,503 - INFO - Initial model training completed
2026-01-16 15:52:55,894 - ERROR - Error in main loop: 'last_price'
2026-01-16 15:53:56,250 - ERROR - Error in main loop: 'last_price'
2026-01-16 15:54:56,581 - ERROR - Error in main loop: 'last_price'
2026-01-16 15:55:56,934 - ERROR - Error in main loop: 'last_price'
2026-01-16 15:56:57,257 - ERROR - Error in main loop: 'last_price'
2026-01-16 15:57:57,334 - INFO - Starting trading bot
2026-01-16 15:57:58,943 - INFO - API Key Validation: {'message': 'Valid Access'}
2026-01-16 15:58:00,649 - ERROR - Initial training failed: 'result'
2026-01-16 15:59:47,525 - INFO - Starting trading bot
2026-01-16 15:59:49,283 - INFO - API Key Validation: {'message': 'Valid Access'}
2026-01-16 15:59:51,088 - ERROR - Initial training failed: "None of [Index(['start_time', 'o', 'h', 'l', 'c', 'volume'], dtype='object')] are in the [columns]"
2026-01-16 16:04:02,987 - INFO - Starting trading bot
2026-01-16 16:04:04,899 - INFO - API Key Validation: {'message': 'Valid Access'}
2026-01-16 16:04:06,926 - ERROR - Initial training failed: 422 Client Error: Unprocessable Entity for url: https://coinswitch.co/trade/api/v2/candles?exchange=coinswitchx&symbol=btc%2Finr&resolution=1d&from=1765967644902&to=1768559644902
2026-01-16 16:04:40,055 - INFO - Starting trading bot
2026-01-16 16:04:41,820 - INFO - API Key Validation: {'message': 'Valid Access'}
2026-01-16 16:04:43,951 - ERROR - Initial training failed: 422 Client Error: Unprocessable Entity for url: https://coinswitch.co/trade/api/v2/candles?exchange=coinswitchx&symbol=btc%2Finr&resolution=1D&from=1765967681822&to=1768559681822
2026-01-16 16:06:31,023 - INFO - Starting trading bot
2026-01-16 16:06:32,875 - INFO - API Key Validation: {'message': 'Valid Access'}
2026-01-16 16:06:34,654 - ERROR - Initial training failed: 422 Client Error: Unprocessable Entity for url: https://coinswitch.co/trade/api/v2/candles?exchange=coinswitchx&symbol=btc-inr&resolution=1d&from=1765967792&to=1768559792
2026-01-16 16:07:26,764 - INFO - Starting trading bot
2026-01-16 16:07:28,463 - INFO - API Key Validation: {'message': 'Valid Access'}
2026-01-16 16:07:29,899 - ERROR - Initial training failed: 404 Client Error: Not Found for url: https://coinswitch.co/trade/api/v2/klines?exchange=coinswitchx&symbol=btc-inr&interval=1d&start_time=1765967848&end_time=1768559848
2026-01-16 16:09:47,028 - INFO - Starting trading bot
2026-01-16 16:09:48,447 - INFO - API Key Validation: {'message': 'Valid Access'}
2026-01-16 16:09:49,482 - INFO - Initial model training completed
2026-01-16 16:09:50,981 - ERROR - Error in main loop: 'btc/inr'
2026-01-16 16:10:51,556 - ERROR - Error in main loop: 'btc/inr'
2026-01-16 16:11:51,972 - ERROR - Error in main loop: 'btc/inr'
2026-01-16 16:12:52,283 - ERROR - Error in main loop: 'btc/inr'
2026-01-16 16:13:52,639 - ERROR - Error in main loop: 'btc/inr'
2026-01-16 16:14:53,012 - ERROR - Error in main loop: 'btc/inr'
2026-01-16 16:15:53,369 - ERROR - Error in main loop: 'btc/inr'
2026-01-16 16:16:53,719 - ERROR - Error in main loop: 'btc/inr'
2026-01-16 16:17:54,088 - ERROR - Error in main loop: 'btc/inr'
2026-01-16 16:18:54,508 - ERROR - Error in main loop: 'btc/inr'
2026-01-16 16:19:54,973 - ERROR - Error in main loop: 'btc/inr'
2026-01-16 16:20:55,357 - ERROR - Error in main loop: 'btc/inr'
2026-01-16 16:21:55,849 - ERROR - Error in main loop: 'btc/inr'
2026-01-16 16:22:56,344 - ERROR - Error in main loop: 'btc/inr'
2026-01-16 16:23:56,698 - ERROR - Error in main loop: 'btc/inr'
2026-01-16 16:24:57,138 - ERROR - Error in main loop: 'btc/inr'
2026-01-16 16:25:57,784 - ERROR - Error in main loop: 'btc/inr'
2026-01-16 16:26:58,431 - ERROR - Error in main loop: 'btc/inr'
2026-01-16 16:27:58,830 - ERROR - Error in main loop: 'btc/inr'
2026-01-16 16:28:40,671 - INFO - Starting trading bot
2026-01-16 16:28:42,945 - INFO - API Key Validation: {'message': 'Valid Access'}
2026-01-16 16:28:43,452 - INFO - Initial model training completed
2026-01-16 16:28:44,972 - ERROR - Error in main loop: 422 Client Error: Unprocessable Entity for url: https://coinswitch.co/trade/api/v2/24hr/ticker?exchange=coinswitchx&symbol=btc-inr
2026-01-16 16:29:45,362 - ERROR - Error in main loop: 422 Client Error: Unprocessable Entity for url: https://coinswitch.co/trade/api/v2/24hr/ticker?exchange=coinswitchx&symbol=btc-inr
2026-01-16 16:30:45,689 - ERROR - Error in main loop: 422 Client Error: Unprocessable Entity for url: https://coinswitch.co/trade/api/v2/24hr/ticker?exchange=coinswitchx&symbol=btc-inr
2026-01-16 16:31:46,149 - ERROR - Error in main loop: 422 Client Error: Unprocessable Entity for url: https://coinswitch.co/trade/api/v2/24hr/ticker?exchange=coinswitchx&symbol=btc-inr
2026-01-16 16:32:46,782 - ERROR - Error in main loop: 422 Client Error: Unprocessable Entity for url: https://coinswitch.co/trade/api/v2/24hr/ticker?exchange=coinswitchx&symbol=btc-inr
2026-01-16 16:33:47,195 - ERROR - Error in main loop: 422 Client Error: Unprocessable Entity for url: https://coinswitch.co/trade/api/v2/24hr/ticker?exchange=coinswitchx&symbol=btc-inr
2026-01-16 16:34:47,569 - ERROR - Error in main loop: 422 Client Error: Unprocessable Entity for url: https://coinswitch.co/trade/api/v2/24hr/ticker?exchange=coinswitchx&symbol=btc-inr
2026-01-16 16:35:47,990 - ERROR - Error in main loop: 422 Client Error: Unprocessable Entity for url: https://coinswitch.co/trade/api/v2/24hr/ticker?exchange=coinswitchx&symbol=btc-inr
2026-01-16 16:36:48,516 - ERROR - Error in main loop: 422 Client Error: Unprocessable Entity for url: https://coinswitch.co/trade/api/v2/24hr/ticker?exchange=coinswitchx&symbol=btc-inr
2026-01-16 16:37:49,072 - ERROR - Error in main loop: 422 Client Error: Unprocessable Entity for url: https://coinswitch.co/trade/api/v2/24hr/ticker?exchange=coinswitchx&symbol=btc-inr
2026-01-16 16:38:49,347 - ERROR - Error in main loop: 422 Client Error: Unprocessable Entity for url: https://coinswitch.co/trade/api/v2/24hr/ticker?exchange=coinswitchx&symbol=btc-inr
2026-01-16 16:39:49,718 - ERROR - Error in main loop: 422 Client Error: Unprocessable Entity for url: https://coinswitch.co/trade/api/v2/24hr/ticker?exchange=coinswitchx&symbol=btc-inr
2026-01-16 16:40:50,108 - ERROR - Error in main loop: 422 Client Error: Unprocessable Entity for url: https://coinswitch.co/trade/api/v2/24hr/ticker?exchange=coinswitchx&symbol=btc-inr
2026-01-16 16:41:50,478 - ERROR - Error in main loop: 422 Client Error: Unprocessable Entity for url: https://coinswitch.co/trade/api/v2/24hr/ticker?exchange=coinswitchx&symbol=btc-inr
2026-01-16 16:42:50,863 - ERROR - Error in main loop: 422 Client Error: Unprocessable Entity for url: https://coinswitch.co/trade/api/v2/24hr/ticker?exchange=coinswitchx&symbol=btc-inr
2026-01-16 16:43:51,217 - ERROR - Error in main loop: 422 Client Error: Unprocessable Entity for url: https://coinswitch.co/trade/api/v2/24hr/ticker?exchange=coinswitchx&symbol=btc-inr
2026-01-16 16:44:51,652 - ERROR - Error in main loop: 422 Client Error: Unprocessable Entity for url: https://coinswitch.co/trade/api/v2/24hr/ticker?exchange=coinswitchx&symbol=btc-inr
2026-01-16 16:45:52,049 - ERROR - Error in main loop: 422 Client Error: Unprocessable Entity for url: https://coinswitch.co/trade/api/v2/24hr/ticker?exchange=coinswitchx&symbol=btc-inr
2026-01-16 16:46:52,396 - ERROR - Error in main loop: 422 Client Error: Unprocessable Entity for url: https://coinswitch.co/trade/api/v2/24hr/ticker?exchange=coinswitchx&symbol=btc-inr
2026-01-16 16:47:52,743 - ERROR - Error in main loop: 422 Client Error: Unprocessable Entity for url: https://coinswitch.co/trade/api/v2/24hr/ticker?exchange=coinswitchx&symbol=btc-inr
2026-01-16 16:48:53,275 - ERROR - Error in main loop: 422 Client Error: Unprocessable Entity for url: https://coinswitch.co/trade/api/v2/24hr/ticker?exchange=coinswitchx&symbol=btc-inr
2026-01-16 16:49:53,847 - ERROR - Error in main loop: 422 Client Error: Unprocessable Entity for url: https://coinswitch.co/trade/api/v2/24hr/ticker?exchange=coinswitchx&symbol=btc-inr
2026-01-16 16:50:54,230 - ERROR - Error in main loop: 422 Client Error: Unprocessable Entity for url: https://coinswitch.co/trade/api/v2/24hr/ticker?exchange=coinswitchx&symbol=btc-inr
2026-01-16 16:51:54,628 - ERROR - Error in main loop: 422 Client Error: Unprocessable Entity for url: https://coinswitch.co/trade/api/v2/24hr/ticker?exchange=coinswitchx&symbol=btc-inr
2026-01-16 16:52:54,971 - ERROR - Error in main loop: 422 Client Error: Unprocessable Entity for url: https://coinswitch.co/trade/api/v2/24hr/ticker?exchange=coinswitchx&symbol=btc-inr
2026-01-16 16:53:55,407 - ERROR - Error in main loop: 422 Client Error: Unprocessable Entity for url: https://coinswitch.co/trade/api/v2/24hr/ticker?exchange=coinswitchx&symbol=btc-inr
2026-01-16 16:54:55,805 - ERROR - Error in main loop: 422 Client Error: Unprocessable Entity for url: https://coinswitch.co/trade/api/v2/24hr/ticker?exchange=coinswitchx&symbol=btc-inr
2026-01-16 16:55:56,213 - ERROR - Error in main loop: 422 Client Error: Unprocessable Entity for url: https://coinswitch.co/trade/api/v2/24hr/ticker?exchange=coinswitchx&symbol=btc-inr
2026-01-16 16:56:56,577 - ERROR - Error in main loop: 422 Client Error: Unprocessable Entity for url: https://coinswitch.co/trade/api/v2/24hr/ticker?exchange=coinswitchx&symbol=btc-inr
2026-01-16 16:57:56,816 - ERROR - Error in main loop: 422 Client Error: Unprocessable Entity for url: https://coinswitch.co/trade/api/v2/24hr/ticker?exchange=coinswitchx&symbol=btc-inr
2026-01-16 16:58:57,248 - ERROR - Error in main loop: 422 Client Error: Unprocessable Entity for url: https://coinswitch.co/trade/api/v2/24hr/ticker?exchange=coinswitchx&symbol=btc-inr
2026-01-16 16:59:57,637 - ERROR - Error in main loop: 422 Client Error: Unprocessable Entity for url: https://coinswitch.co/trade/api/v2/24hr/ticker?exchange=coinswitchx&symbol=btc-inr
2026-01-16 17:00:58,067 - ERROR - Error in main loop: 422 Client Error: Unprocessable Entity for url: https://coinswitch.co/trade/api/v2/24hr/ticker?exchange=coinswitchx&symbol=btc-inr
2026-01-16 17:01:58,734 - ERROR - Error in main loop: 422 Client Error: Unprocessable Entity for url: https://coinswitch.co/trade/api/v2/24hr/ticker?exchange=coinswitchx&symbol=btc-inr
2026-01-16 17:02:59,118 - ERROR - Error in main loop: 422 Client Error: Unprocessable Entity for url: https://coinswitch.co/trade/api/v2/24hr/ticker?exchange=coinswitchx&symbol=btc-inr
2026-01-16 17:03:59,625 - ERROR - Error in main loop: 422 Client Error: Unprocessable Entity for url: https://coinswitch.co/trade/api/v2/24hr/ticker?exchange=coinswitchx&symbol=btc-inr
2026-01-16 17:05:02,928 - ERROR - Error in main loop: 422 Client Error: Unprocessable Entity for url: https://coinswitch.co/trade/api/v2/24hr/ticker?exchange=coinswitchx&symbol=btc-inr
2026-01-16 17:06:03,283 - ERROR - Error in main loop: 422 Client Error: Unprocessable Entity for url: https://coinswitch.co/trade/api/v2/24hr/ticker?exchange=coinswitchx&symbol=btc-inr
2026-01-16 17:07:03,669 - ERROR - Error in main loop: 422 Client Error: Unprocessable Entity for url: https://coinswitch.co/trade/api/v2/24hr/ticker?exchange=coinswitchx&symbol=btc-inr
2026-01-16 17:08:03,985 - ERROR - Error in main loop: 422 Client Error: Unprocessable Entity for url: https://coinswitch.co/trade/api/v2/24hr/ticker?exchange=coinswitchx&symbol=btc-inr
2026-01-16 17:09:04,495 - ERROR - Error in main loop: 422 Client Error: Unprocessable Entity for url: https://coinswitch.co/trade/api/v2/24hr/ticker?exchange=coinswitchx&symbol=btc-inr
2026-01-16 17:10:04,930 - ERROR - Error in main loop: 422 Client Error: Unprocessable Entity for url: https://coinswitch.co/trade/api/v2/24hr/ticker?exchange=coinswitchx&symbol=btc-inr
2026-01-16 17:11:05,319 - ERROR - Error in main loop: 422 Client Error: Unprocessable Entity for url: https://coinswitch.co/trade/api/v2/24hr/ticker?exchange=coinswitchx&symbol=btc-inr
2026-01-16 17:12:05,840 - ERROR - Error in main loop: 422 Client Error: Unprocessable Entity for url: https://coinswitch.co/trade/api/v2/24hr/ticker?exchange=coinswitchx&symbol=btc-inr
2026-01-16 17:13:06,286 - ERROR - Error in main loop: 422 Client Error: Unprocessable Entity for url: https://coinswitch.co/trade/api/v2/24hr/ticker?exchange=coinswitchx&symbol=btc-inr
2026-01-16 17:14:06,751 - ERROR - Error in main loop: 422 Client Error: Unprocessable Entity for url: https://coinswitch.co/trade/api/v2/24hr/ticker?exchange=coinswitchx&symbol=btc-inr
2026-01-16 17:15:25,076 - INFO - Starting trading bot
2026-01-16 17:15:26,705 - INFO - API Key Validation: {'message': 'Valid Access'}
2026-01-16 17:15:27,604 - INFO - Initial model training completed
2026-01-16 17:15:29,376 - ERROR - Error in main loop: 'btc/inr'
2026-01-16 17:16:40,043 - INFO - Starting trading bot
2026-01-16 17:16:42,345 - INFO - API Key Validation: {'message': 'Valid Access'}
2026-01-16 17:16:43,054 - INFO - Initial model training completed
2026-01-16 17:16:46,752 - ERROR - Error in main loop: string indices must be integers, not 'str'
2026-01-16 17:17:47,689 - ERROR - Error in main loop: string indices must be integers, not 'str'
2026-01-16 17:18:48,645 - ERROR - Error in main loop: string indices must be integers, not 'str'
2026-01-16 17:19:49,850 - ERROR - Error in main loop: string indices must be integers, not 'str'
2026-01-16 17:20:50,894 - ERROR - Error in main loop: string indices must be integers, not 'str'
2026-01-16 17:21:52,330 - ERROR - Error in main loop: string indices must be integers, not 'str'
2026-01-16 17:22:53,369 - ERROR - Error in main loop: string indices must be integers, not 'str'
2026-01-16 17:23:54,435 - ERROR - Error in main loop: string indices must be integers, not 'str'
2026-01-16 17:24:55,429 - ERROR - Error in main loop: string indices must be integers, not 'str'
2026-01-16 17:25:56,470 - ERROR - Error in main loop: string indices must be integers, not 'str'
2026-01-16 17:26:57,600 - ERROR - Error in main loop: string indices must be integers, not 'str'
2026-01-16 17:27:58,896 - ERROR - Error in main loop: string indices must be integers, not 'str'
2026-01-16 17:28:59,693 - ERROR - Error in main loop: string indices must be integers, not 'str'
2026-01-16 17:30:00,761 - ERROR - Error in main loop: string indices must be integers, not 'str'
2026-01-16 17:31:01,548 - ERROR - Error in main loop: string indices must be integers, not 'str'
2026-01-16 17:32:02,555 - ERROR - Error in main loop: string indices must be integers, not 'str'
2026-01-16 17:33:03,233 - ERROR - Error in main loop: string indices must be integers, not 'str'
2026-01-16 17:34:04,004 - ERROR - Error in main loop: string indices must be integers, not 'str'
2026-01-16 17:35:04,864 - ERROR - Error in main loop: string indices must be integers, not 'str'
2026-01-16 17:36:05,699 - ERROR - Error in main loop: string indices must be integers, not 'str'
2026-01-16 17:37:06,404 - ERROR - Error in main loop: string indices must be integers, not 'str'
2026-01-16 17:38:07,329 - ERROR - Error in main loop: string indices must be integers, not 'str'
2026-01-16 17:39:08,407 - ERROR - Error in main loop: string indices must be integers, not 'str'
2026-01-16 17:40:09,307 - ERROR - Error in main loop: string indices must be integers, not 'str'
2026-01-16 17:41:10,079 - ERROR - Error in main loop: string indices must be integers, not 'str'
2026-01-16 17:42:10,784 - ERROR - Error in main loop: string indices must be integers, not 'str'
2026-01-16 17:43:11,639 - ERROR - Error in main loop: string indices must be integers, not 'str'
2026-01-16 17:44:12,440 - ERROR - Error in main loop: string indices must be integers, not 'str'
2026-01-16 17:45:13,314 - ERROR - Error in main loop: string indices must be integers, not 'str'
2026-01-16 17:46:14,271 - ERROR - Error in main loop: string indices must be integers, not 'str'
2026-01-16 17:47:15,216 - ERROR - Error in main loop: string indices must be integers, not 'str'
2026-01-16 17:48:16,013 - ERROR - Error in main loop: string indices must be integers, not 'str'
2026-01-16 17:49:17,007 - ERROR - Error in main loop: string indices must be integers, not 'str'
2026-01-16 17:50:17,765 - ERROR - Error in main loop: string indices must be integers, not 'str'
2026-01-16 17:51:18,794 - ERROR - Error in main loop: string indices must be integers, not 'str'
2026-01-16 17:52:19,617 - ERROR - Error in main loop: string indices must be integers, not 'str'
2026-01-16 17:53:20,488 - ERROR - Error in main loop: string indices must be integers, not 'str'
2026-01-16 17:54:21,268 - ERROR - Error in main loop: string indices must be integers, not 'str'
2026-01-16 17:55:22,016 - ERROR - Error in main loop: string indices must be integers, not 'str'
2026-01-16 17:56:23,282 - ERROR - Error in main loop: string indices must be integers, not 'str'
2026-01-16 17:57:24,222 - ERROR - Error in main loop: string indices must be integers, not 'str'
2026-01-16 17:58:26,135 - ERROR - Error in main loop: string indices must be integers, not 'str'
2026-01-16 17:59:27,148 - ERROR - Error in main loop: string indices must be integers, not 'str'
2026-01-16 18:00:28,740 - ERROR - Error in main loop: string indices must be integers, not 'str'
2026-01-16 18:01:29,528 - ERROR - Error in main loop: string indices must be integers, not 'str'
2026-01-16 18:02:30,489 - ERROR - Error in main loop: string indices must be integers, not 'str'
2026-01-16 18:03:31,346 - ERROR - Error in main loop: string indices must be integers, not 'str'
2026-01-16 18:04:32,135 - ERROR - Error in main loop: string indices must be integers, not 'str'
2026-01-16 18:05:32,917 - ERROR - Error in main loop: string indices must be integers, not 'str'
2026-01-16 18:06:35,084 - ERROR - Error in main loop: string indices must be integers, not 'str'
2026-01-16 18:07:35,918 - ERROR - Error in main loop: string indices must be integers, not 'str'
2026-01-16 18:08:37,587 - ERROR - Error in main loop: string indices must be integers, not 'str'
2026-01-16 18:09:38,433 - ERROR - Error in main loop: string indices must be integers, not 'str'
2026-01-16 18:10:39,732 - ERROR - Error in main loop: string indices must be integers, not 'str'
2026-01-16 18:11:40,616 - ERROR - Error in main loop: string indices must be integers, not 'str'
2026-01-16 18:12:41,406 - ERROR - Error in main loop: string indices must be integers, not 'str'
2026-01-16 18:13:42,242 - ERROR - Error in main loop: string indices must be integers, not 'str'
2026-01-16 18:14:42,916 - ERROR - Error in main loop: string indices must be integers, not 'str'
2026-01-16 18:15:43,718 - ERROR - Error in main loop: string indices must be integers, not 'str'
2026-01-16 18:16:44,637 - ERROR - Error in main loop: string indices must be integers, not 'str'
2026-01-16 18:17:45,496 - ERROR - Error in main loop: string indices must be integers, not 'str'
2026-01-16 18:18:46,194 - ERROR - Error in main loop: string indices must be integers, not 'str'
2026-01-16 18:19:46,992 - ERROR - Error in main loop: string indices must be integers, not 'str'
2026-01-16 18:20:47,978 - ERROR - Error in main loop: string indices must be integers, not 'str'
2026-01-16 18:21:48,756 - ERROR - Error in main loop: string indices must be integers, not 'str'
2026-01-16 18:22:49,576 - ERROR - Error in main loop: string indices must be integers, not 'str'
2026-01-16 18:23:50,605 - ERROR - Error in main loop: string indices must be integers, not 'str'
2026-01-16 18:24:51,487 - ERROR - Error in main loop: string indices must be integers, not 'str'
2026-01-16 18:25:52,599 - ERROR - Error in main loop: string indices must be integers, not 'str'
2026-01-16 18:26:53,354 - ERROR - Error in main loop: string indices must be integers, not 'str'
2026-01-16 18:27:54,177 - ERROR - Error in main loop: string indices must be integers, not 'str'
2026-01-16 18:28:55,046 - ERROR - Error in main loop: string indices must be integers, not 'str'
2026-01-16 18:29:55,911 - ERROR - Error in main loop: string indices must be integers, not 'str'
2026-01-16 18:30:56,715 - ERROR - Error in main loop: string indices must be integers, not 'str'
2026-01-16 18:31:57,540 - ERROR - Error in main loop: string indices must be integers, not 'str'
2026-01-16 18:32:58,512 - ERROR - Error in main loop: string indices must be integers, not 'str'
2026-01-16 18:33:59,206 - ERROR - Error in main loop: string indices must be integers, not 'str'
2026-01-16 18:35:00,082 - ERROR - Error in main loop: string indices must be integers, not 'str'
2026-01-16 18:36:01,007 - ERROR - Error in main loop: string indices must be integers, not 'str'
2026-01-16 18:37:01,678 - ERROR - Error in main loop: string indices must be integers, not 'str'
2026-01-16 18:38:02,385 - ERROR - Error in main loop: string indices must be integers, not 'str'
2026-01-16 18:39:03,099 - ERROR - Error in main loop: string indices must be integers, not 'str'
2026-01-16 18:40:03,869 - ERROR - Error in main loop: string indices must be integers, not 'str'
2026-01-16 18:41:04,662 - ERROR - Error in main loop: string indices must be integers, not 'str'
2026-01-16 18:42:05,446 - ERROR - Error in main loop: string indices must be integers, not 'str'
2026-01-16 18:43:06,170 - ERROR - Error in main loop: string indices must be integers, not 'str'
2026-01-16 18:44:07,031 - ERROR - Error in main loop: string indices must be integers, not 'str'
2026-01-16 18:51:23,366 - ERROR - Error in main loop: ('Connection aborted.', ConnectionResetError(10054, 'An existing connection was forcibly closed by the remote host', None, 10054, None))
2026-01-16 18:52:24,635 - ERROR - Error in main loop: ('Connection aborted.', ConnectionResetError(10054, 'An existing connection was forcibly closed by the remote host', None, 10054, None))
2026-01-16 18:53:26,329 - ERROR - Error in main loop: string indices must be integers, not 'str'
2026-01-16 18:54:27,290 - ERROR - Error in main loop: string indices must be integers, not 'str'
2026-01-16 18:55:28,080 - ERROR - Error in main loop: string indices must be integers, not 'str'
2026-01-16 18:56:28,977 - ERROR - Error in main loop: string indices must be integers, not 'str'
2026-01-16 18:57:29,903 - ERROR - Error in main loop: string indices must be integers, not 'str'
2026-01-16 18:58:30,955 - ERROR - Error in main loop: string indices must be integers, not 'str'
2026-01-16 18:59:31,762 - ERROR - Error in main loop: string indices must be integers, not 'str'
2026-01-16 19:00:32,680 - ERROR - Error in main loop: string indices must be integers, not 'str'
2026-01-16 19:01:33,564 - ERROR - Error in main loop: string indices must be integers, not 'str'
2026-01-16 19:02:34,405 - ERROR - Error in main loop: string indices must be integers, not 'str'
2026-01-16 19:03:35,383 - ERROR - Error in main loop: string indices must be integers, not 'str'
2026-01-16 19:04:36,224 - ERROR - Error in main loop: string indices must be integers, not 'str'
2026-01-16 19:05:37,068 - ERROR - Error in main loop: string indices must be integers, not 'str'
2026-01-16 19:06:37,977 - ERROR - Error in main loop: string indices must be integers, not 'str'
2026-01-16 19:07:38,912 - ERROR - Error in main loop: string indices must be integers, not 'str'
2026-01-16 19:08:39,850 - ERROR - Error in main loop: string indices must be integers, not 'str'
2026-01-16 19:09:40,735 - ERROR - Error in main loop: string indices must be integers, not 'str'
2026-01-16 19:10:41,665 - ERROR - Error in main loop: string indices must be integers, not 'str'
2026-01-16 19:11:42,725 - ERROR - Error in main loop: string indices must be integers, not 'str'
2026-01-16 19:12:43,553 - ERROR - Error in main loop: string indices must be integers, not 'str'
2026-01-16 19:13:44,363 - ERROR - Error in main loop: string indices must be integers, not 'str'
2026-01-16 19:14:45,254 - ERROR - Error in main loop: string indices must be integers, not 'str'
2026-01-16 19:15:46,161 - ERROR - Error in main loop: string indices must be integers, not 'str'
2026-01-16 19:16:47,303 - ERROR - Error in main loop: string indices must be integers, not 'str'
2026-01-16 19:17:48,174 - ERROR - Error in main loop: string indices must be integers, not 'str'
2026-01-16 19:18:49,113 - ERROR - Error in main loop: string indices must be integers, not 'str'
2026-01-16 19:19:50,244 - ERROR - Error in main loop: string indices must be integers, not 'str'
2026-01-16 19:20:51,095 - ERROR - Error in main loop: string indices must be integers, not 'str'
2026-01-16 19:21:52,021 - ERROR - Error in main loop: string indices must be integers, not 'str'
2026-01-16 19:22:52,907 - ERROR - Error in main loop: string indices must be integers, not 'str'
2026-01-16 19:23:54,022 - ERROR - Error in main loop: string indices must be integers, not 'str'
2026-01-16 19:24:55,030 - ERROR - Error in main loop: string indices must be integers, not 'str'
2026-01-16 19:25:56,148 - ERROR - Error in main loop: string indices must be integers, not 'str'
2026-01-16 19:26:57,191 - ERROR - Error in main loop: string indices must be integers, not 'str'
2026-01-16 19:27:58,668 - ERROR - Error in main loop: string indices must be integers, not 'str'
2026-01-16 19:28:59,634 - ERROR - Error in main loop: string indices must be integers, not 'str'
2026-01-16 19:30:00,642 - ERROR - Error in main loop: string indices must be integers, not 'str'
2026-01-16 19:31:01,517 - ERROR - Error in main loop: string indices must be integers, not 'str'
2026-01-16 19:32:02,330 - ERROR - Error in main loop: string indices must be integers, not 'str'
2026-01-16 19:33:03,237 - ERROR - Error in main loop: string indices must be integers, not 'str'
2026-01-16 19:34:04,045 - ERROR - Error in main loop: string indices must be integers, not 'str'
2026-01-16 19:35:04,861 - ERROR - Error in main loop: string indices must be integers, not 'str'
2026-01-16 19:36:05,683 - ERROR - Error in main loop: string indices must be integers, not 'str'
2026-01-16 19:37:06,575 - ERROR - Error in main loop: string indices must be integers, not 'str'
2026-01-16 19:38:07,891 - ERROR - Error in main loop: string indices must be integers, not 'str'
2026-01-16 19:39:08,868 - ERROR - Error in main loop: string indices must be integers, not 'str'
2026-01-16 19:40:09,728 - ERROR - Error in main loop: string indices must be integers, not 'str'
2026-01-16 19:41:10,606 - ERROR - Error in main loop: string indices must be integers, not 'str'
2026-01-16 19:42:11,484 - ERROR - Error in main loop: string indices must be integers, not 'str'
2026-01-16 19:43:12,560 - ERROR - Error in main loop: string indices must be integers, not 'str'
2026-01-16 19:44:13,543 - ERROR - Error in main loop: string indices must be integers, not 'str'
2026-01-16 19:45:14,640 - ERROR - Error in main loop: string indices must be integers, not 'str'
2026-01-16 19:46:15,509 - ERROR - Error in main loop: string indices must be integers, not 'str'
2026-01-16 19:47:16,424 - ERROR - Error in main loop: string indices must be integers, not 'str'
2026-01-16 19:48:17,417 - ERROR - Error in main loop: string indices must be integers, not 'str'
2026-01-16 19:49:18,270 - ERROR - Error in main loop: string indices must be integers, not 'str'
2026-01-16 19:50:19,195 - ERROR - Error in main loop: string indices must be integers, not 'str'
2026-01-16 19:51:20,100 - ERROR - Error in main loop: string indices must be integers, not 'str'
2026-01-16 19:52:20,916 - ERROR - Error in main loop: string indices must be integers, not 'str'
2026-01-16 19:53:21,703 - ERROR - Error in main loop: string indices must be integers, not 'str'
2026-01-16 19:56:45,435 - INFO - Starting trading bot
2026-01-16 19:56:46,491 - INFO - API Key Validation: {'message': 'Valid Access'}
2026-01-16 19:56:47,014 - INFO - Initial model training completed
2026-01-16 19:56:53,477 - INFO - Bot stopped by user
2026-01-16 20:00:27,498 - INFO - Starting trading bot
2026-01-16 20:00:28,459 - INFO - API Key Validation: {'message': 'Valid Access'}
2026-01-16 20:00:29,059 - INFO - Initial model training completed
2026-01-16 20:00:30,387 - ERROR - Error in main loop: 404 Client Error: Not Found for url: https://coinswitch.co/trade/api/v2/portfolio
2026-01-16 20:01:30,867 - ERROR - Error in main loop: 404 Client Error: Not Found for url: https://coinswitch.co/trade/api/v2/portfolio
2026-01-16 20:02:31,374 - ERROR - Error in main loop: 404 Client Error: Not Found for url: https://coinswitch.co/trade/api/v2/portfolio
2026-01-16 20:03:32,018 - ERROR - Error in main loop: 404 Client Error: Not Found for url: https://coinswitch.co/trade/api/v2/portfolio
2026-01-16 20:04:44,401 - INFO - Starting trading bot
2026-01-16 20:04:45,251 - INFO - API Key Validation: {'message': 'Valid Access'}
2026-01-16 20:04:46,196 - INFO - Initial model training completed
2026-01-16 20:18:49,143 - INFO - Bot stopped by user
2026-01-16 20:23:35,181 - INFO - Starting trading bot
2026-01-16 20:23:36,161 - INFO - API Key Validation: {'message': 'Valid Access'}
2026-01-16 20:23:36,763 - ERROR - Initial training failed: Input X contains infinity or a value too large for dtype('float32').
2026-01-16 20:25:02,093 - INFO - Starting trading bot
2026-01-16 20:25:03,014 - INFO - API Key Validation: {'message': 'Valid Access'}
2026-01-16 20:25:03,852 - INFO - Initial model training completed
2026-01-16 21:10:38,237 - INFO - Bot stopped by user
2026-01-16 21:11:26,729 - INFO - Starting trading bot
2026-01-16 21:11:27,561 - INFO - API Key Validation: {'message': 'Valid Access'}
2026-01-16 21:11:28,566 - INFO - Initial model training completed
2026-01-16 21:11:45,873 - INFO - Bot stopped by user
2026-01-16 21:13:30,900 - INFO - Starting trading bot
2026-01-16 21:13:31,699 - INFO - API Key Validation: {'message': 'Valid Access'}
2026-01-16 21:13:32,574 - INFO - Initial model training completed
2026-01-16 21:53:58,192 - ERROR - Error in main loop: ('Connection aborted.', ConnectionResetError(10054, 'An existing connection was forcibly closed by the remote host', None, 10054, None))
2026-01-16 21:55:02,864 - INFO - Starting trading bot
2026-01-16 21:55:03,833 - INFO - API Key Validation: {'message': 'Valid Access'}
2026-01-16 21:55:04,754 - INFO - Initial model training completed
2026-01-16 21:55:16,159 - INFO - Bot stopped by user
2026-01-17 16:00:59,906 - INFO - Starting trading bot
2026-01-17 16:01:02,233 - ERROR - API Key Validation Failed: 404 Client Error: Not Found for url: https://coinswitch.co/trade/api/v2//trade/api/v2/validate/keys
2026-01-17 16:01:23,160 - INFO - Starting trading bot
2026-01-17 16:01:24,854 - INFO - API Key Validation: {'message': 'Valid Access'}
2026-01-17 16:01:26,438 - INFO - Initial model training completed
2026-01-17 16:02:08,320 - INFO - Bot stopped by user
2026-01-17 16:04:16,403 - INFO - Starting trading bot
2026-01-17 16:04:17,984 - INFO - API Key Validation: {'message': 'Valid Access'}
2026-01-17 16:04:19,730 - INFO - Initial model training completed
2026-01-17 16:04:27,311 - INFO - Bot stopped by user
2026-01-17 16:05:10,232 - INFO - Starting trading bot
2026-01-17 16:05:11,885 - INFO - API Key Validation: {'message': 'Valid Access'}
2026-01-17 16:05:13,351 - INFO - Initial model training completed
2026-01-17 21:53:43,452 - ERROR - 
1 Failed download:
2026-01-17 21:53:43,454 - ERROR - ['ETH-USD']: TypeError("'NoneType' object is not subscriptable")
2026-01-17 21:53:43,865 - ERROR - 
1 Failed download:
2026-01-17 21:53:43,865 - ERROR - ['BTC-USD']: TypeError("'NoneType' object is not subscriptable")
2026-01-17 21:53:44,019 - ERROR - 
1 Failed download:
2026-01-17 21:53:44,020 - ERROR - ['ADA-USD']: TypeError("'NoneType' object is not subscriptable")
2026-01-17 21:54:58,041 - ERROR - 
1 Failed download:
2026-01-17 21:54:58,043 - ERROR - ['SOL-USD']: TypeError("'NoneType' object is not subscriptable")
2026-01-17 21:54:58,415 - ERROR - 
1 Failed download:
2026-01-17 21:54:58,416 - ERROR - ['ETH-USD']: TypeError("'NoneType' object is not subscriptable")
2026-01-18 17:34:59,169 - INFO - Starting trading bot
2026-01-18 17:34:59,171 - ERROR - Failed to fetch symbols: cannot access local variable 'data_fetcher' where it is not associated with a value
2026-01-18 17:35:00,772 - ERROR - API Key Validation Failed: 403 Client Error: Forbidden for url: https://api.coinswitch.co/trade/api/v2/validate/keys
2026-01-18 17:36:04,543 - INFO - Starting trading bot
2026-01-18 17:36:04,543 - ERROR - Failed to fetch symbols: cannot access local variable 'data_fetcher' where it is not associated with a value
2026-01-18 17:36:06,038 - ERROR - API Key Validation Failed: 403 Client Error: Forbidden for url: https://api.coinswitch.co/trade/api/v2/validate/keys
2026-01-18 17:36:46,948 - INFO - Starting trading bot
2026-01-18 17:36:46,948 - ERROR - Failed to fetch symbols: cannot access local variable 'data_fetcher' where it is not associated with a value
2026-01-18 17:36:48,726 - INFO - API Key Validation: {'message': 'Valid Access'}
2026-01-18 17:36:50,715 - INFO - Initial model training completed
2026-01-18 17:36:50,862 - INFO - BTC is falling, skipping trades
2026-01-18 17:37:50,996 - INFO - BTC is falling, skipping trades
2026-01-18 17:38:51,140 - INFO - BTC is falling, skipping trades
2026-01-18 17:39:51,286 - INFO - BTC is falling, skipping trades
2026-01-18 17:40:51,424 - INFO - BTC is falling, skipping trades
2026-01-18 17:41:51,557 - INFO - BTC is falling, skipping trades
2026-01-18 17:42:51,655 - INFO - BTC is falling, skipping trades
2026-01-18 17:43:51,798 - INFO - BTC is falling, skipping trades
2026-01-18 17:44:51,901 - INFO - BTC is falling, skipping trades
2026-01-18 17:45:52,018 - INFO - BTC is falling, skipping trades
2026-01-18 17:46:52,132 - INFO - BTC is falling, skipping trades
2026-01-18 17:47:52,342 - INFO - BTC is falling, skipping trades
2026-01-18 17:48:52,486 - INFO - BTC is falling, skipping trades
2026-01-18 17:49:52,650 - INFO - BTC is falling, skipping trades
2026-01-18 17:50:52,845 - INFO - BTC is falling, skipping trades
2026-01-18 17:58:48,238 - INFO - BTC is falling, skipping trades
2026-01-18 17:59:48,314 - INFO - BTC is falling, skipping trades
2026-01-18 18:00:48,467 - INFO - BTC is falling, skipping trades
2026-01-18 18:01:48,665 - INFO - BTC is falling, skipping trades
2026-01-18 18:02:48,788 - INFO - BTC is falling, skipping trades
2026-01-18 18:03:48,913 - INFO - BTC is falling, skipping trades
2026-01-18 18:04:49,052 - INFO - BTC is falling, skipping trades
2026-01-18 18:05:49,188 - INFO - BTC is falling, skipping trades
2026-01-18 18:06:49,336 - INFO - BTC is falling, skipping trades
2026-01-18 18:07:49,415 - INFO - BTC is falling, skipping trades
2026-01-18 18:08:49,495 - INFO - BTC is falling, skipping trades
2026-01-18 18:09:49,640 - INFO - BTC is falling, skipping trades
2026-01-18 18:10:49,715 - INFO - BTC is falling, skipping trades
2026-01-18 18:11:49,794 - INFO - BTC is falling, skipping trades
2026-01-18 18:12:49,888 - INFO - BTC is falling, skipping trades
2026-01-18 18:13:49,962 - INFO - BTC is falling, skipping trades
2026-01-18 18:14:50,043 - INFO - BTC is falling, skipping trades
2026-01-18 18:15:50,118 - INFO - BTC is falling, skipping trades
2026-01-18 18:16:50,196 - INFO - BTC is falling, skipping trades
2026-01-18 18:17:50,268 - INFO - BTC is falling, skipping trades
2026-01-18 18:18:50,351 - INFO - BTC is falling, skipping trades
2026-01-18 18:19:50,445 - INFO - BTC is falling, skipping trades
2026-01-18 18:20:50,547 - INFO - BTC is falling, skipping trades
2026-01-18 21:46:27,757 - ERROR - Error in main loop: 'NoneType' object is not subscriptable
2026-01-18 21:47:28,421 - INFO - BTC is falling, skipping trades
2026-01-18 21:48:20,411 - INFO - Bot stopped by user
2026-01-18 21:53:48,136 - INFO - Starting trading bot
2026-01-18 21:53:48,137 - ERROR - Failed to fetch symbols: cannot access local variable 'data_fetcher' where it is not associated with a value
2026-01-18 21:53:48,956 - INFO - API Key Validation: {'message': 'Valid Access'}
2026-01-18 21:53:49,842 - INFO - Initial model training completed
2026-01-18 21:53:50,656 - INFO - No high volume symbols available
2026-01-18 21:54:50,830 - INFO - No high volume symbols available
2026-01-18 21:55:51,102 - INFO - No high volume symbols available
2026-01-18 21:56:51,434 - INFO - No high volume symbols available
2026-01-18 21:57:51,516 - INFO - BTC is falling, skipping trades
2026-01-18 21:58:51,601 - INFO - BTC is falling, skipping trades
2026-01-18 21:59:51,701 - INFO - BTC is falling, skipping trades
2026-01-18 22:00:51,797 - INFO - BTC is falling, skipping trades
2026-01-18 22:01:51,894 - INFO - BTC is falling, skipping trades
2026-01-18 22:02:51,976 - INFO - BTC is falling, skipping trades
2026-01-18 22:03:52,052 - INFO - BTC is falling, skipping trades
2026-01-18 22:04:52,226 - INFO - BTC is falling, skipping trades
2026-01-18 22:05:52,307 - INFO - BTC is falling, skipping trades
2026-01-18 22:06:52,392 - INFO - BTC is falling, skipping trades
2026-01-18 22:07:52,468 - INFO - BTC is falling, skipping trades
2026-01-18 22:08:52,627 - INFO - BTC is falling, skipping trades
2026-01-18 22:09:52,771 - INFO - BTC is falling, skipping trades
2026-01-18 22:10:52,854 - INFO - BTC is falling, skipping trades
2026-01-18 22:11:52,954 - INFO - BTC is falling, skipping trades
2026-01-18 22:12:53,055 - INFO - BTC is falling, skipping trades
2026-01-18 22:13:53,189 - INFO - BTC is falling, skipping trades
2026-01-18 22:14:54,033 - INFO - No high volume symbols available
2026-01-18 22:15:54,169 - INFO - No high volume symbols available
2026-01-18 22:16:54,444 - INFO - No high volume symbols available
2026-01-18 22:17:54,616 - INFO - No high volume symbols available
2026-01-18 22:18:54,813 - INFO - No high volume symbols available
2026-01-18 22:19:54,970 - INFO - No high volume symbols available
2026-01-18 22:20:55,099 - INFO - No high volume symbols available
2026-01-18 22:21:55,199 - INFO - BTC is falling, skipping trades
2026-01-18 22:22:55,294 - INFO - BTC is falling, skipping trades
2026-01-18 22:23:55,491 - INFO - No high volume symbols available
2026-01-18 22:24:55,744 - INFO - No high volume symbols available
2026-01-18 22:25:56,012 - INFO - No high volume symbols available
2026-01-18 22:26:56,166 - INFO - No high volume symbols available
2026-01-18 22:27:56,454 - INFO - No high volume symbols available
2026-01-18 22:28:56,597 - INFO - No high volume symbols available
2026-01-18 22:29:56,871 - INFO - No high volume symbols available
2026-01-18 22:30:57,016 - INFO - No high volume symbols available
2026-01-18 22:31:57,160 - INFO - No high volume symbols available
2026-01-18 22:32:57,431 - INFO - No high volume symbols available
2026-01-18 22:33:57,565 - INFO - No high volume symbols available
2026-01-18 22:34:57,724 - INFO - No high volume symbols available
2026-01-18 22:35:57,904 - INFO - No high volume symbols available
2026-01-18 22:36:58,048 - INFO - No high volume symbols available
2026-01-18 22:37:58,208 - INFO - No high volume symbols available
2026-01-18 22:38:58,418 - INFO - No high volume symbols available
2026-01-18 22:39:58,765 - INFO - No high volume symbols available
2026-01-18 22:40:59,004 - INFO - No high volume symbols available
2026-01-18 22:41:59,173 - INFO - No high volume symbols available
2026-01-18 22:42:59,464 - INFO - No high volume symbols available
2026-01-18 22:43:59,607 - INFO - No high volume symbols available
2026-01-18 22:44:59,805 - INFO - No high volume symbols available
2026-01-18 22:45:59,961 - INFO - No high volume symbols available
2026-01-18 22:47:00,116 - INFO - No high volume symbols available
2026-01-18 22:48:00,378 - INFO - No high volume symbols available
2026-01-18 22:49:00,609 - INFO - No high volume symbols available
2026-01-18 22:50:00,764 - INFO - No high volume symbols available
2026-01-18 22:51:00,984 - INFO - No high volume symbols available
2026-01-18 22:52:01,156 - INFO - No high volume symbols available
2026-01-18 22:53:01,325 - INFO - No high volume symbols available
2026-01-18 22:54:01,530 - INFO - No high volume symbols available
2026-01-18 22:55:01,756 - INFO - No high volume symbols available
2026-01-18 22:56:01,906 - INFO - No high volume symbols available
2026-01-18 22:57:02,049 - INFO - No high volume symbols available
2026-01-18 22:58:02,209 - INFO - No high volume symbols available
2026-01-18 22:59:02,511 - INFO - No high volume symbols available
2026-01-18 23:00:02,663 - INFO - No high volume symbols available
2026-01-18 23:01:02,815 - INFO - No high volume symbols available
2026-01-18 23:02:02,982 - INFO - No high volume symbols available
2026-01-18 23:03:03,127 - INFO - No high volume symbols available
2026-01-18 23:04:03,284 - INFO - No high volume symbols available
2026-01-18 23:05:03,463 - INFO - No high volume symbols available
2026-01-18 23:06:03,615 - INFO - No high volume symbols available
2026-01-18 23:07:03,805 - INFO - No high volume symbols available
2026-01-18 23:08:03,965 - INFO - No high volume symbols available
2026-01-18 23:09:04,206 - INFO - No high volume symbols available
2026-01-18 23:10:04,455 - INFO - No high volume symbols available
2026-01-18 23:11:04,606 - INFO - No high volume symbols available
2026-01-18 23:12:04,758 - INFO - No high volume symbols available
2026-01-18 23:13:04,961 - INFO - No high volume symbols available
2026-01-18 23:14:05,108 - INFO - No high volume symbols available
2026-01-18 23:15:05,247 - INFO - No high volume symbols available
2026-01-18 23:16:05,533 - INFO - No high volume symbols available
2026-01-18 23:17:05,688 - INFO - No high volume symbols available
2026-01-18 23:18:05,826 - INFO - No high volume symbols available
2026-01-18 23:19:05,970 - INFO - No high volume symbols available
2026-01-18 23:20:06,134 - INFO - No high volume symbols available
2026-01-18 23:21:06,281 - INFO - No high volume symbols available
2026-01-18 23:22:06,501 - INFO - No high volume symbols available
2026-01-18 23:23:06,641 - INFO - No high volume symbols available
2026-01-18 23:24:06,804 - INFO - No high volume symbols available
2026-01-18 23:25:06,974 - INFO - No high volume symbols available
2026-01-18 23:26:07,115 - INFO - No high volume symbols available
2026-01-18 23:27:07,422 - INFO - No high volume symbols available
2026-01-18 23:28:07,666 - INFO - No high volume symbols available
2026-01-18 23:29:07,803 - INFO - No high volume symbols available
2026-01-18 23:30:07,952 - INFO - No high volume symbols available
2026-01-18 23:31:08,208 - INFO - No high volume symbols available
2026-01-18 23:32:08,463 - INFO - No high volume symbols available
2026-01-18 23:33:09,522 - INFO - No high volume symbols available
2026-01-18 23:34:09,696 - INFO - No high volume symbols available
2026-01-18 23:35:09,840 - INFO - No high volume symbols available
2026-01-18 23:36:09,994 - INFO - No high volume symbols available
2026-01-18 23:37:10,221 - INFO - No high volume symbols available
2026-01-18 23:38:10,502 - INFO - No high volume symbols available
2026-01-18 23:39:10,648 - INFO - No high volume symbols available
2026-01-18 23:40:10,798 - INFO - No high volume symbols available
2026-01-18 23:41:10,954 - INFO - No high volume symbols available
2026-01-18 23:42:11,161 - INFO - No high volume symbols available
2026-01-18 23:43:11,317 - INFO - No high volume symbols available
2026-01-18 23:44:11,457 - INFO - No high volume symbols available
2026-01-18 23:45:11,712 - INFO - No high volume symbols available
2026-01-18 23:46:11,849 - INFO - No high volume symbols available
2026-01-18 23:47:12,003 - INFO - No high volume symbols available
2026-01-18 23:48:12,500 - INFO - No high volume symbols available
2026-01-18 23:49:12,725 - INFO - No high volume symbols available
2026-01-18 23:50:12,888 - INFO - No high volume symbols available
2026-01-18 23:51:13,036 - INFO - No high volume symbols available
2026-01-18 23:52:13,203 - INFO - No high volume symbols available
2026-01-18 23:53:13,476 - INFO - No high volume symbols available
2026-01-18 23:54:13,730 - INFO - No high volume symbols available
2026-01-18 23:55:14,007 - INFO - No high volume symbols available
2026-01-18 23:56:14,153 - INFO - No high volume symbols available
2026-01-18 23:57:14,330 - INFO - No high volume symbols available
2026-01-18 23:58:14,483 - INFO - No high volume symbols available
2026-01-18 23:59:14,624 - INFO - No high volume symbols available
2026-01-19 00:00:14,817 - INFO - No high volume symbols available
2026-01-19 00:01:14,964 - INFO - No high volume symbols available
2026-01-19 00:02:15,105 - INFO - No high volume symbols available
2026-01-19 00:03:15,345 - INFO - No high volume symbols available
2026-01-19 00:04:15,500 - INFO - No high volume symbols available
2026-01-19 00:05:15,647 - INFO - No high volume symbols available
2026-01-19 00:06:15,817 - INFO - No high volume symbols available
2026-01-19 00:07:15,987 - INFO - No high volume symbols available
2026-01-19 00:08:16,152 - INFO - No high volume symbols available
2026-01-19 00:09:16,452 - INFO - No high volume symbols available
2026-01-19 00:10:16,729 - INFO - No high volume symbols available
2026-01-19 00:11:16,864 - INFO - No high volume symbols available
2026-01-19 00:12:17,007 - INFO - No high volume symbols available
2026-01-19 00:13:17,149 - INFO - No high volume symbols available
2026-01-19 00:14:17,328 - INFO - No high volume symbols available
2026-01-19 00:15:17,481 - INFO - No high volume symbols available
2026-01-19 00:16:17,649 - INFO - No high volume symbols available
2026-01-19 00:17:17,861 - INFO - No high volume symbols available
2026-01-19 00:18:18,029 - INFO - No high volume symbols available
2026-01-19 00:19:18,178 - INFO - No high volume symbols available
2026-01-19 00:20:18,334 - INFO - No high volume symbols available
2026-01-19 00:21:18,517 - INFO - No high volume symbols available
2026-01-19 00:22:18,676 - INFO - No high volume symbols available
2026-01-19 00:23:18,835 - INFO - No high volume symbols available
2026-01-19 00:24:19,060 - INFO - No high volume symbols available
2026-01-19 00:25:19,199 - INFO - No high volume symbols available
2026-01-19 00:26:19,477 - INFO - No high volume symbols available
2026-01-19 00:27:19,628 - INFO - No high volume symbols available
2026-01-19 00:28:19,920 - INFO - No high volume symbols available
2026-01-19 00:29:20,116 - INFO - No high volume symbols available
2026-01-19 00:30:20,275 - INFO - No high volume symbols available
2026-01-19 00:31:20,433 - INFO - No high volume symbols available
2026-01-19 00:32:20,585 - INFO - No high volume symbols available
2026-01-19 00:33:20,747 - INFO - No high volume symbols available
2026-01-19 00:34:20,891 - INFO - No high volume symbols available
2026-01-19 00:35:21,029 - INFO - No high volume symbols available
2026-01-19 00:36:21,182 - INFO - No high volume symbols available
2026-01-19 00:37:21,367 - INFO - No high volume symbols available
2026-01-19 00:38:21,503 - INFO - No high volume symbols available
2026-01-19 00:39:21,673 - INFO - No high volume symbols available
2026-01-19 00:40:21,828 - INFO - No high volume symbols available
2026-01-19 00:41:21,974 - INFO - No high volume symbols available
2026-01-19 00:42:22,120 - INFO - No high volume symbols available
2026-01-19 00:43:22,391 - INFO - No high volume symbols available
2026-01-19 00:44:22,646 - INFO - No high volume symbols available
2026-01-19 00:45:22,895 - INFO - No high volume symbols available
2026-01-19 00:46:23,115 - INFO - No high volume symbols available
2026-01-19 00:47:23,433 - INFO - No high volume symbols available
2026-01-19 00:48:23,706 - INFO - No high volume symbols available
2026-01-19 00:49:23,960 - INFO - No high volume symbols available
2026-01-19 00:50:24,100 - INFO - No high volume symbols available
2026-01-19 00:51:24,275 - INFO - No high volume symbols available
2026-01-19 00:52:24,444 - INFO - No high volume symbols available
2026-01-19 00:53:24,612 - INFO - No high volume symbols available
2026-01-19 00:54:24,759 - INFO - No high volume symbols available
2026-01-19 00:55:24,904 - INFO - No high volume symbols available
2026-01-19 00:56:25,060 - INFO - No high volume symbols available
2026-01-19 00:57:25,199 - INFO - No high volume symbols available
2026-01-19 00:58:25,480 - INFO - No high volume symbols available
2026-01-19 00:59:25,748 - INFO - No high volume symbols available
2026-01-19 01:00:25,905 - INFO - No high volume symbols available
2026-01-19 01:01:26,066 - INFO - No high volume symbols available
2026-01-19 01:02:26,201 - INFO - No high volume symbols available
2026-01-19 01:03:26,456 - INFO - No high volume symbols available
2026-01-19 01:04:26,603 - INFO - No high volume symbols available
2026-01-19 01:05:26,750 - INFO - No high volume symbols available
2026-01-19 01:06:26,896 - INFO - No high volume symbols available
2026-01-19 01:07:27,037 - INFO - No high volume symbols available
2026-01-19 01:08:27,200 - INFO - No high volume symbols available
2026-01-19 01:09:27,479 - INFO - No high volume symbols available
2026-01-19 01:10:27,719 - INFO - No high volume symbols available
2026-01-19 01:11:27,860 - INFO - No high volume symbols available
2026-01-19 01:12:28,001 - INFO - No high volume symbols available
2026-01-19 01:13:28,152 - INFO - No high volume symbols available
2026-01-19 01:14:28,288 - INFO - No high volume symbols available
2026-01-19 11:57:19,067 - INFO - Starting trading bot
2026-01-19 11:57:19,068 - ERROR - Failed to fetch symbols: cannot access local variable 'data_fetcher' where it is not associated with a value
2026-01-19 11:57:20,818 - INFO - API Key Validation: {'message': 'Valid Access'}
2026-01-19 11:57:22,738 - INFO - Initial model training completed
2026-01-19 11:57:22,944 - INFO - BTC is falling, skipping trades
2026-01-19 11:58:23,084 - INFO - BTC is falling, skipping trades
2026-01-19 11:59:23,307 - INFO - BTC is falling, skipping trades
2026-01-19 11:59:48,942 - INFO - Bot stopped by user
2026-01-19 12:00:23,072 - INFO - Starting trading bot
2026-01-19 12:00:24,843 - INFO - Loaded 389 symbols
2026-01-19 12:00:26,273 - INFO - API Key Validation: {'message': 'Valid Access'}
2026-01-19 12:00:27,549 - INFO - Initial model training completed
2026-01-19 12:00:27,737 - INFO - BTC is falling, skipping trades
2026-01-19 12:01:27,869 - INFO - BTC is falling, skipping trades
2026-01-19 12:02:27,997 - INFO - BTC is falling, skipping trades
2026-01-19 12:03:28,145 - INFO - BTC is falling, skipping trades
2026-01-19 12:04:28,281 - INFO - BTC is falling, skipping trades
2026-01-19 12:05:28,433 - INFO - BTC is falling, skipping trades
2026-01-19 12:06:28,570 - INFO - BTC is falling, skipping trades
2026-01-19 12:07:28,746 - INFO - BTC is falling, skipping trades
2026-01-19 12:08:28,915 - INFO - BTC is falling, skipping trades
2026-01-19 12:09:29,050 - INFO - BTC is falling, skipping trades
2026-01-19 12:10:29,226 - INFO - BTC is falling, skipping trades
2026-01-19 12:11:29,369 - INFO - BTC is falling, skipping trades
2026-01-19 12:12:29,505 - INFO - BTC is falling, skipping trades
2026-01-19 12:13:29,641 - INFO - BTC is falling, skipping trades
2026-01-19 12:14:29,762 - INFO - BTC is falling, skipping trades
2026-01-19 12:15:29,990 - INFO - BTC is falling, skipping trades
2026-01-19 12:16:30,127 - INFO - BTC is falling, skipping trades
2026-01-19 12:17:30,244 - INFO - BTC is falling, skipping trades
2026-01-19 12:18:30,368 - INFO - BTC is falling, skipping trades
2026-01-19 12:19:30,508 - INFO - BTC is falling, skipping trades
2026-01-19 12:20:30,712 - INFO - BTC is falling, skipping trades
2026-01-19 12:21:30,857 - INFO - BTC is falling, skipping trades
2026-01-19 12:22:31,083 - INFO - BTC is falling, skipping trades
2026-01-19 12:23:31,336 - INFO - BTC is falling, skipping trades
2026-01-19 12:24:31,482 - INFO - BTC is falling, skipping trades
2026-01-19 12:25:31,644 - INFO - BTC is falling, skipping trades
2026-01-19 12:26:31,802 - INFO - BTC is falling, skipping trades
2026-01-19 12:27:31,943 - INFO - BTC is falling, skipping trades
2026-01-19 12:28:32,083 - INFO - BTC is falling, skipping trades
2026-01-19 12:29:32,268 - INFO - BTC is falling, skipping trades
2026-01-19 12:30:32,409 - INFO - BTC is falling, skipping trades
2026-01-19 12:31:32,543 - INFO - BTC is falling, skipping trades
2026-01-19 12:32:32,752 - INFO - BTC is falling, skipping trades
2026-01-19 12:33:32,906 - INFO - BTC is falling, skipping trades
2026-01-19 12:34:33,110 - INFO - BTC is falling, skipping trades
2026-01-19 12:35:33,211 - INFO - BTC is falling, skipping trades
2026-01-19 12:36:33,362 - INFO - BTC is falling, skipping trades
2026-01-19 12:37:33,517 - INFO - BTC is falling, skipping trades
2026-01-19 12:38:33,648 - INFO - BTC is falling, skipping trades
2026-01-19 12:39:33,800 - INFO - BTC is falling, skipping trades
2026-01-19 16:32:23,816 - INFO - BTC is falling, skipping trades
2026-01-19 16:33:24,115 - INFO - BTC is falling, skipping trades
2026-01-19 16:34:24,277 - INFO - BTC is falling, skipping trades
2026-01-19 16:35:24,434 - INFO - BTC is falling, skipping trades
2026-01-19 16:36:24,681 - INFO - BTC is falling, skipping trades
2026-01-19 16:37:24,833 - INFO - BTC is falling, skipping trades
2026-01-19 16:38:24,973 - INFO - BTC is falling, skipping trades
2026-01-19 16:39:25,284 - INFO - BTC is falling, skipping trades
2026-01-19 16:40:25,418 - INFO - BTC is falling, skipping trades
2026-01-19 16:41:25,572 - INFO - BTC is falling, skipping trades
2026-01-19 16:42:25,974 - INFO - BTC is falling, skipping trades
2026-01-19 16:43:26,129 - INFO - BTC is falling, skipping trades
2026-01-19 16:44:26,263 - INFO - BTC is falling, skipping trades
2026-01-19 16:45:26,566 - INFO - BTC is falling, skipping trades
2026-01-19 16:46:26,969 - INFO - BTC is falling, skipping trades
2026-01-19 16:47:27,106 - INFO - BTC is falling, skipping trades
2026-01-19 16:48:27,266 - INFO - BTC is falling, skipping trades
2026-01-19 16:49:27,432 - INFO - BTC is falling, skipping trades
2026-01-19 16:50:27,563 - INFO - BTC is falling, skipping trades
2026-01-19 16:51:27,729 - INFO - BTC is falling, skipping trades
2026-01-19 16:52:28,178 - INFO - BTC is falling, skipping trades
2026-01-19 16:53:28,468 - INFO - BTC is falling, skipping trades
2026-01-19 16:54:28,607 - INFO - BTC is falling, skipping trades
2026-01-19 16:55:28,745 - INFO - BTC is falling, skipping trades
2026-01-19 16:56:28,887 - INFO - BTC is falling, skipping trades
2026-01-19 16:57:29,040 - INFO - BTC is falling, skipping trades
2026-01-19 16:58:29,184 - INFO - BTC is falling, skipping trades
2026-01-19 16:59:29,315 - INFO - BTC is falling, skipping trades
2026-01-19 17:00:29,473 - INFO - BTC is falling, skipping trades
2026-01-19 17:01:29,605 - INFO - BTC is falling, skipping trades
2026-01-19 17:02:29,756 - INFO - BTC is falling, skipping trades
2026-01-19 17:03:29,971 - INFO - BTC is falling, skipping trades
2026-01-19 17:04:30,119 - INFO - BTC is falling, skipping trades
2026-01-19 17:05:30,265 - INFO - BTC is falling, skipping trades
2026-01-19 17:06:30,414 - INFO - BTC is falling, skipping trades
2026-01-19 17:07:30,562 - INFO - BTC is falling, skipping trades
2026-01-19 17:08:30,707 - INFO - BTC is falling, skipping trades
2026-01-19 17:09:30,914 - INFO - BTC is falling, skipping trades
2026-01-19 17:10:31,087 - INFO - BTC is falling, skipping trades
2026-01-19 17:11:31,232 - INFO - BTC is falling, skipping trades
2026-01-19 17:12:31,520 - INFO - BTC is falling, skipping trades
2026-01-19 17:13:31,666 - INFO - BTC is falling, skipping trades
2026-01-19 17:14:31,822 - INFO - BTC is falling, skipping trades
2026-01-19 17:15:32,028 - INFO - BTC is falling, skipping trades
2026-01-19 17:16:32,180 - INFO - BTC is falling, skipping trades
2026-01-19 17:17:32,344 - INFO - BTC is falling, skipping trades
2026-01-19 17:18:32,505 - INFO - BTC is falling, skipping trades
2026-01-19 17:19:32,798 - INFO - BTC is falling, skipping trades
2026-01-19 17:20:32,959 - INFO - BTC is falling, skipping trades
2026-01-19 17:21:33,095 - INFO - BTC is falling, skipping trades
2026-01-19 17:22:33,239 - INFO - BTC is falling, skipping trades
2026-01-19 17:23:33,539 - INFO - BTC is falling, skipping trades
2026-01-19 17:24:33,686 - INFO - BTC is falling, skipping trades
2026-01-19 17:25:33,823 - INFO - BTC is falling, skipping trades
2026-01-19 17:26:33,980 - INFO - BTC is falling, skipping trades
2026-01-19 17:27:34,145 - INFO - BTC is falling, skipping trades
2026-01-19 17:28:34,286 - INFO - BTC is falling, skipping trades
2026-01-19 17:29:34,438 - INFO - BTC is falling, skipping trades
2026-01-19 17:30:34,579 - INFO - BTC is falling, skipping trades
2026-01-19 17:31:34,723 - INFO - BTC is falling, skipping trades
2026-01-19 17:46:49,804 - INFO - BTC is falling, skipping trades
2026-01-19 17:47:49,892 - INFO - BTC is falling, skipping trades
2026-01-19 18:00:00,342 - INFO - BTC is falling, skipping trades
2026-01-19 18:01:00,441 - INFO - BTC is falling, skipping trades
2026-01-19 18:02:00,533 - INFO - BTC is falling, skipping trades
2026-01-19 18:30:29,255 - INFO - BTC is falling, skipping trades
2026-01-19 18:34:32,010 - INFO - BTC is falling, skipping trades
2026-01-19 18:35:32,101 - INFO - BTC is falling, skipping trades
2026-01-19 18:36:32,193 - INFO - BTC is falling, skipping trades
2026-01-19 18:37:32,273 - INFO - BTC is falling, skipping trades
2026-01-19 18:38:32,357 - INFO - BTC is falling, skipping trades
2026-01-19 18:39:32,449 - INFO - BTC is falling, skipping trades
2026-01-19 18:40:32,556 - INFO - BTC is falling, skipping trades
2026-01-19 18:41:32,708 - INFO - BTC is falling, skipping trades
2026-01-19 18:42:32,850 - INFO - BTC is falling, skipping trades
2026-01-19 18:43:32,940 - INFO - BTC is falling, skipping trades
2026-01-19 18:44:33,028 - INFO - BTC is falling, skipping trades
2026-01-19 18:45:33,139 - INFO - BTC is falling, skipping trades
2026-01-19 18:46:33,242 - INFO - BTC is falling, skipping trades
2026-01-19 18:47:33,338 - INFO - BTC is falling, skipping trades
2026-01-19 18:48:33,435 - INFO - BTC is falling, skipping trades
2026-01-19 18:49:33,515 - INFO - BTC is falling, skipping trades
2026-01-19 18:50:33,628 - INFO - BTC is falling, skipping trades
2026-01-19 18:51:33,727 - INFO - BTC is falling, skipping trades
2026-01-19 18:52:33,826 - INFO - BTC is falling, skipping trades
2026-01-19 18:53:33,905 - INFO - BTC is falling, skipping trades
2026-01-19 18:54:34,010 - INFO - BTC is falling, skipping trades
2026-01-19 18:55:34,090 - INFO - BTC is falling, skipping trades
2026-01-19 18:56:34,177 - INFO - BTC is falling, skipping trades
2026-01-19 18:57:34,250 - INFO - BTC is falling, skipping trades
2026-01-19 18:58:34,355 - INFO - BTC is falling, skipping trades
2026-01-19 18:59:34,500 - INFO - BTC is falling, skipping trades
2026-01-20 12:15:53,299 - ERROR - Error in main loop: 'NoneType' object is not subscriptable
2026-01-20 12:16:53,599 - INFO - BTC is falling, skipping trades
2026-01-20 12:17:53,802 - INFO - BTC is falling, skipping trades
2026-01-20 12:18:54,005 - INFO - BTC is falling, skipping trades
2026-01-20 12:19:54,179 - INFO - BTC is falling, skipping trades
2026-01-20 12:20:54,494 - INFO - BTC is falling, skipping trades
2026-01-20 12:21:54,661 - INFO - BTC is falling, skipping trades
2026-01-20 12:22:54,866 - INFO - BTC is falling, skipping trades
2026-01-20 12:23:55,078 - INFO - BTC is falling, skipping trades
2026-01-20 12:24:55,247 - INFO - BTC is falling, skipping trades
2026-01-20 12:25:55,454 - INFO - BTC is falling, skipping trades
2026-01-20 12:26:55,705 - INFO - BTC is falling, skipping trades
2026-01-20 12:27:55,900 - INFO - BTC is falling, skipping trades
2026-01-20 12:28:56,122 - INFO - BTC is falling, skipping trades
2026-01-20 12:29:56,287 - INFO - BTC is falling, skipping trades
2026-01-20 12:30:56,608 - INFO - BTC is falling, skipping trades
2026-01-20 12:31:56,824 - INFO - BTC is falling, skipping trades
2026-01-20 12:32:57,039 - INFO - BTC is falling, skipping trades
2026-01-20 12:33:57,217 - INFO - BTC is falling, skipping trades
2026-01-20 12:34:57,474 - INFO - BTC is falling, skipping trades
2026-01-20 12:35:57,809 - INFO - BTC is falling, skipping trades
2026-01-20 12:36:57,980 - INFO - BTC is falling, skipping trades
2026-01-20 12:37:58,170 - INFO - BTC is falling, skipping trades
2026-01-20 12:38:58,411 - INFO - BTC is falling, skipping trades
2026-01-20 12:39:58,614 - INFO - BTC is falling, skipping trades
2026-01-20 12:40:58,864 - INFO - BTC is falling, skipping trades
2026-01-20 12:41:59,045 - INFO - BTC is falling, skipping trades
2026-01-20 12:42:59,217 - INFO - BTC is falling, skipping trades
2026-01-20 12:43:59,643 - INFO - BTC is falling, skipping trades
2026-01-20 12:44:59,868 - INFO - BTC is falling, skipping trades
2026-01-20 12:46:00,151 - INFO - BTC is falling, skipping trades
2026-01-20 12:47:00,378 - INFO - BTC is falling, skipping trades
2026-01-20 12:48:00,608 - INFO - BTC is falling, skipping trades
2026-01-20 12:49:00,827 - INFO - BTC is falling, skipping trades
2026-01-20 12:50:01,083 - INFO - BTC is falling, skipping trades
2026-01-20 12:51:01,339 - INFO - BTC is falling, skipping trades
2026-01-20 12:52:01,566 - INFO - BTC is falling, skipping trades
2026-01-20 12:53:01,798 - INFO - BTC is falling, skipping trades
2026-01-20 12:53:37,912 - INFO - Starting trading bot
2026-01-20 12:53:49,749 - INFO - Loaded 389 symbols
2026-01-20 12:53:51,334 - INFO - API Key Validation: {'message': 'Valid Access'}
2026-01-20 12:53:52,783 - INFO - Initial model training completed
2026-01-20 12:53:53,262 - INFO - BTC is falling, skipping trades
2026-01-20 12:54:02,167 - INFO - BTC is falling, skipping trades
2026-01-20 12:54:53,831 - INFO - BTC is falling, skipping trades
2026-01-20 12:55:02,306 - INFO - BTC is falling, skipping trades
2026-01-20 12:55:54,634 - INFO - BTC is falling, skipping trades
2026-01-20 12:56:02,435 - INFO - BTC is falling, skipping trades
2026-01-20 12:56:55,327 - INFO - BTC is falling, skipping trades
2026-01-20 12:57:02,653 - INFO - BTC is falling, skipping trades
2026-01-20 12:57:55,822 - INFO - BTC is falling, skipping trades
2026-01-20 12:58:03,029 - INFO - BTC is falling, skipping trades
2026-01-20 12:58:56,569 - INFO - BTC is falling, skipping trades
2026-01-20 12:59:03,262 - INFO - BTC is falling, skipping trades
2026-01-20 12:59:57,439 - INFO - BTC is falling, skipping trades
2026-01-20 13:00:03,665 - INFO - BTC is falling, skipping trades
2026-01-20 13:00:58,099 - INFO - BTC is falling, skipping trades
2026-01-20 13:01:03,906 - INFO - BTC is falling, skipping trades
2026-01-20 13:01:59,049 - INFO - BTC is falling, skipping trades
2026-01-20 13:02:04,137 - INFO - BTC is falling, skipping trades
2026-01-20 13:02:59,671 - INFO - BTC is falling, skipping trades
2026-01-20 13:03:04,360 - INFO - BTC is falling, skipping trades
2026-01-20 13:04:00,215 - INFO - BTC is falling, skipping trades
2026-01-20 13:04:04,584 - INFO - BTC is falling, skipping trades
2026-01-20 13:05:00,505 - INFO - BTC is falling, skipping trades
2026-01-20 13:05:04,912 - INFO - BTC is falling, skipping trades
2026-01-20 13:06:00,851 - INFO - BTC is falling, skipping trades
2026-01-20 13:06:05,127 - INFO - BTC is falling, skipping trades
2026-01-20 13:07:03,057 - INFO - BTC is falling, skipping trades
2026-01-20 13:07:06,703 - INFO - BTC is falling, skipping trades
2026-01-20 13:08:03,557 - INFO - BTC is falling, skipping trades
2026-01-20 13:08:06,884 - INFO - BTC is falling, skipping trades
2026-01-20 13:09:04,327 - INFO - BTC is falling, skipping trades
2026-01-20 13:09:07,094 - INFO - BTC is falling, skipping trades
2026-01-20 13:10:05,038 - INFO - BTC is falling, skipping trades
2026-01-20 13:10:07,315 - INFO - BTC is falling, skipping trades
2026-01-20 13:11:05,692 - INFO - BTC is falling, skipping trades
2026-01-20 13:11:07,514 - INFO - BTC is falling, skipping trades
2026-01-20 13:12:06,324 - INFO - BTC is falling, skipping trades
2026-01-20 13:12:07,736 - INFO - BTC is falling, skipping trades
2026-01-20 13:13:06,627 - INFO - BTC is falling, skipping trades
2026-01-20 13:13:35,759 - ERROR - Error in main loop: 'NoneType' object is not subscriptable
2026-01-20 13:14:33,972 - INFO - BTC is falling, skipping trades
2026-01-20 13:14:36,069 - INFO - BTC is falling, skipping trades
2026-01-20 13:15:34,720 - INFO - BTC is falling, skipping trades
2026-01-20 13:15:36,527 - INFO - Bot stopped by user
2026-01-20 13:15:36,723 - INFO - BTC is falling, skipping trades
2026-01-20 13:16:36,964 - INFO - BTC is falling, skipping trades
2026-01-20 13:17:37,131 - INFO - BTC is falling, skipping trades
2026-01-20 13:17:40,587 - INFO - Starting trading bot
2026-01-20 13:18:37,385 - INFO - BTC is falling, skipping trades
2026-01-20 13:18:57,424 - INFO - Starting trading bot
2026-01-20 13:19:37,650 - INFO - BTC is falling, skipping trades
2026-01-20 13:19:56,375 - INFO - Starting trading bot
2026-01-20 13:20:08,081 - INFO - Loaded 389 symbols
2026-01-20 13:20:09,843 - INFO - API Key Validation: {'message': 'Valid Access'}
2026-01-20 13:20:11,726 - INFO - Initial model training completed
2026-01-20 13:20:12,451 - INFO - BTC is falling, skipping trades
2026-01-20 13:20:37,901 - INFO - BTC is falling, skipping trades
2026-01-20 13:21:13,586 - INFO - BTC is falling, skipping trades
2026-01-20 13:21:38,186 - INFO - BTC is falling, skipping trades
2026-01-20 13:22:14,444 - INFO - BTC is falling, skipping trades
2026-01-20 13:22:38,441 - INFO - BTC is falling, skipping trades
2026-01-20 13:23:15,022 - INFO - BTC is falling, skipping trades
2026-01-20 13:23:38,649 - INFO - BTC is falling, skipping trades
2026-01-20 13:24:15,863 - INFO - BTC is falling, skipping trades
2026-01-20 13:24:38,992 - INFO - BTC is falling, skipping trades
2026-01-20 13:25:16,589 - INFO - BTC is falling, skipping trades
2026-01-20 13:25:39,253 - INFO - BTC is falling, skipping trades
2026-01-20 13:26:17,117 - INFO - BTC is falling, skipping trades
2026-01-20 13:26:39,475 - INFO - BTC is falling, skipping trades
2026-01-20 13:27:17,581 - INFO - BTC is falling, skipping trades
2026-01-20 13:27:39,707 - INFO - BTC is falling, skipping trades
2026-01-20 13:28:18,252 - INFO - BTC is falling, skipping trades
2026-01-20 13:28:40,045 - INFO - BTC is falling, skipping trades
2026-01-20 13:29:19,029 - INFO - BTC is falling, skipping trades
2026-01-20 13:29:40,263 - INFO - BTC is falling, skipping trades
2026-01-20 13:30:19,927 - INFO - BTC is falling, skipping trades
2026-01-20 13:30:40,484 - INFO - BTC is falling, skipping trades
2026-01-20 13:31:20,546 - INFO - BTC is falling, skipping trades
2026-01-20 13:31:40,729 - INFO - BTC is falling, skipping trades
2026-01-20 13:32:21,439 - INFO - BTC is falling, skipping trades
2026-01-20 13:32:41,255 - INFO - BTC is falling, skipping trades
2026-01-20 13:33:22,103 - INFO - BTC is falling, skipping trades
2026-01-20 13:33:41,627 - INFO - BTC is falling, skipping trades
2026-01-20 13:34:22,758 - INFO - BTC is falling, skipping trades
2026-01-20 13:34:41,840 - INFO - BTC is falling, skipping trades
2026-01-20 13:35:23,411 - INFO - BTC is falling, skipping trades
2026-01-20 13:35:42,088 - INFO - BTC is falling, skipping trades
2026-01-20 13:36:23,892 - INFO - BTC is falling, skipping trades
2026-01-20 13:36:42,299 - INFO - BTC is falling, skipping trades
2026-01-20 13:37:24,568 - INFO - BTC is falling, skipping trades
2026-01-20 13:37:42,509 - INFO - BTC is falling, skipping trades
2026-01-20 13:38:24,952 - INFO - BTC is falling, skipping trades
2026-01-20 13:38:42,690 - INFO - BTC is falling, skipping trades
2026-01-20 13:39:25,685 - INFO - BTC is falling, skipping trades
2026-01-20 13:39:42,907 - INFO - BTC is falling, skipping trades
2026-01-20 13:40:26,089 - INFO - BTC is falling, skipping trades
2026-01-20 13:40:43,301 - INFO - BTC is falling, skipping trades
2026-01-20 13:41:26,646 - INFO - BTC is falling, skipping trades
2026-01-20 13:41:43,561 - INFO - BTC is falling, skipping trades
2026-01-20 13:42:27,238 - INFO - BTC is falling, skipping trades
2026-01-20 13:42:43,777 - INFO - BTC is falling, skipping trades
2026-01-20 13:43:28,142 - INFO - BTC is falling, skipping trades
2026-01-20 13:43:44,015 - INFO - BTC is falling, skipping trades
2026-01-20 13:44:29,076 - INFO - BTC is falling, skipping trades
2026-01-20 13:44:44,254 - INFO - BTC is falling, skipping trades
2026-01-20 13:45:29,779 - INFO - BTC is falling, skipping trades
2026-01-20 13:45:44,516 - INFO - BTC is falling, skipping trades
2026-01-20 13:46:30,276 - INFO - BTC is falling, skipping trades
2026-01-20 13:46:44,731 - INFO - BTC is falling, skipping trades
2026-01-20 13:47:30,850 - INFO - BTC is falling, skipping trades
2026-01-20 13:47:45,088 - INFO - BTC is falling, skipping trades
2026-01-20 13:47:52,707 - INFO - Bot stopped by user
2026-01-20 13:48:45,314 - INFO - BTC is falling, skipping trades
2026-01-20 13:49:45,520 - INFO - BTC is falling, skipping trades
2026-01-20 13:50:45,697 - INFO - BTC is falling, skipping trades
2026-01-20 13:51:45,907 - INFO - BTC is falling, skipping trades
2026-01-20 13:52:46,257 - INFO - BTC is falling, skipping trades
2026-01-20 13:53:46,498 - INFO - BTC is falling, skipping trades
2026-01-20 13:54:46,704 - INFO - BTC is falling, skipping trades
2026-01-20 13:55:46,915 - INFO - BTC is falling, skipping trades
2026-01-20 13:56:47,158 - INFO - BTC is falling, skipping trades
2026-01-20 13:57:47,379 - INFO - BTC is falling, skipping trades
2026-01-20 13:58:47,565 - INFO - BTC is falling, skipping trades
2026-01-20 16:10:11,690 - INFO - BTC is falling, skipping trades
2026-01-20 16:11:11,933 - INFO - BTC is falling, skipping trades
2026-01-20 16:12:12,151 - INFO - BTC is falling, skipping trades
2026-01-20 20:27:30,290 - INFO - BTC is falling, skipping trades
2026-01-20 20:28:30,814 - INFO - BTC is falling, skipping trades
2026-01-20 20:29:30,969 - INFO - BTC is falling, skipping trades
2026-01-20 20:30:31,294 - INFO - BTC is falling, skipping trades
2026-01-20 20:31:31,482 - INFO - BTC is falling, skipping trades
2026-01-20 20:32:31,672 - INFO - BTC is falling, skipping trades
2026-01-20 20:33:31,827 - INFO - BTC is falling, skipping trades
2026-01-20 20:34:31,962 - INFO - BTC is falling, skipping trades
2026-01-20 20:35:32,116 - INFO - BTC is falling, skipping trades
2026-01-20 20:36:32,372 - INFO - BTC is falling, skipping trades
2026-01-20 20:43:06,903 - INFO - BTC is falling, skipping trades
2026-01-20 20:44:07,012 - INFO - BTC is falling, skipping trades
2026-01-20 20:45:04,767 - INFO - Starting trading bot
2026-01-20 20:45:07,162 - INFO - BTC is falling, skipping trades
2026-01-20 20:45:16,806 - INFO - Loaded 389 symbols
2026-01-20 20:45:19,037 - INFO - API Key Validation: {'message': 'Valid Access'}
2026-01-20 20:45:20,335 - INFO - Initial model training completed
2026-01-20 20:45:20,644 - INFO - BTC is falling, skipping trades
2026-01-20 20:45:26,557 - INFO - Bot stopped by user
2026-01-20 20:46:07,306 - INFO - BTC is falling, skipping trades
2026-01-20 20:46:22,140 - INFO - Starting trading bot
2026-01-20 20:46:33,964 - INFO - Loaded 389 symbols
2026-01-20 20:46:35,573 - INFO - API Key Validation: {'message': 'Valid Access'}
2026-01-20 20:46:37,139 - INFO - Initial model training completed
2026-01-20 20:46:37,798 - INFO - BTC is falling, skipping trades
2026-01-20 20:47:07,424 - INFO - BTC is falling, skipping trades
2026-01-20 20:47:38,420 - INFO - BTC is falling, skipping trades
2026-01-20 20:48:07,618 - INFO - BTC is falling, skipping trades
2026-01-20 20:48:38,990 - INFO - BTC is falling, skipping trades
2026-01-20 20:49:07,774 - INFO - BTC is falling, skipping trades
2026-01-20 20:49:39,513 - INFO - BTC is falling, skipping trades
2026-01-20 20:50:07,930 - INFO - BTC is falling, skipping trades
2026-01-20 20:50:40,086 - INFO - BTC is falling, skipping trades
2026-01-20 20:51:08,112 - INFO - BTC is falling, skipping trades
2026-01-20 20:51:40,605 - INFO - BTC is falling, skipping trades
2026-01-20 20:52:08,321 - INFO - BTC is falling, skipping trades
2026-01-20 20:52:41,446 - INFO - BTC is falling, skipping trades
2026-01-20 20:53:08,531 - INFO - BTC is falling, skipping trades
2026-01-20 20:53:41,942 - INFO - BTC is falling, skipping trades
2026-01-20 20:54:08,675 - INFO - BTC is falling, skipping trades
2026-01-20 20:54:42,379 - INFO - BTC is falling, skipping trades
2026-01-20 20:55:08,782 - INFO - BTC is falling, skipping trades
2026-01-20 20:55:42,746 - INFO - BTC is falling, skipping trades
2026-01-20 20:56:08,863 - INFO - BTC is falling, skipping trades
2026-01-20 20:56:42,981 - INFO - BTC is falling, skipping trades
2026-01-20 20:57:08,940 - INFO - BTC is falling, skipping trades
2026-01-20 20:57:43,252 - INFO - BTC is falling, skipping trades
2026-01-20 20:58:09,013 - INFO - BTC is falling, skipping trades
2026-01-20 20:58:43,559 - INFO - BTC is falling, skipping trades
2026-01-20 20:59:09,097 - INFO - BTC is falling, skipping trades
2026-01-20 20:59:43,884 - INFO - BTC is falling, skipping trades
2026-01-20 21:00:09,181 - INFO - BTC is falling, skipping trades
2026-01-20 21:00:44,146 - INFO - BTC is falling, skipping trades
2026-01-20 21:01:09,266 - INFO - BTC is falling, skipping trades
2026-01-20 21:01:44,442 - INFO - BTC is falling, skipping trades
2026-01-20 21:02:09,354 - INFO - BTC is falling, skipping trades
2026-01-20 21:02:44,699 - INFO - BTC is falling, skipping trades
2026-01-20 21:03:09,442 - INFO - BTC is falling, skipping trades
2026-01-20 21:03:45,003 - INFO - BTC is falling, skipping trades
2026-01-20 21:04:09,529 - INFO - BTC is falling, skipping trades
2026-01-20 21:04:45,324 - INFO - BTC is falling, skipping trades
2026-01-20 21:05:09,685 - INFO - BTC is falling, skipping trades
2026-01-20 21:05:45,693 - INFO - BTC is falling, skipping trades
2026-01-20 21:06:09,759 - INFO - BTC is falling, skipping trades
2026-01-20 21:06:45,942 - INFO - BTC is falling, skipping trades
2026-01-20 21:07:09,853 - INFO - BTC is falling, skipping trades
2026-01-20 21:07:46,290 - INFO - BTC is falling, skipping trades
2026-01-20 21:08:09,937 - INFO - BTC is falling, skipping trades
2026-01-20 21:08:46,669 - INFO - BTC is falling, skipping trades
2026-01-20 21:09:10,021 - INFO - BTC is falling, skipping trades
2026-01-20 21:09:46,932 - INFO - BTC is falling, skipping trades
2026-01-20 21:10:10,116 - INFO - BTC is falling, skipping trades
2026-01-20 21:10:47,577 - INFO - BTC is falling, skipping trades
2026-01-20 21:11:10,221 - INFO - BTC is falling, skipping trades
2026-01-20 21:11:47,916 - INFO - BTC is falling, skipping trades
2026-01-20 21:12:10,304 - INFO - BTC is falling, skipping trades
2026-01-20 21:12:48,288 - INFO - BTC is falling, skipping trades
2026-01-20 21:13:10,413 - INFO - BTC is falling, skipping trades
2026-01-20 21:13:48,673 - INFO - BTC is falling, skipping trades
2026-01-20 21:14:10,566 - INFO - BTC is falling, skipping trades
2026-01-20 21:14:48,940 - INFO - BTC is falling, skipping trades
2026-01-20 21:15:10,645 - INFO - BTC is falling, skipping trades
2026-01-20 21:15:49,408 - INFO - BTC is falling, skipping trades
2026-01-20 21:16:10,812 - INFO - BTC is falling, skipping trades
2026-01-20 21:16:50,204 - INFO - BTC is falling, skipping trades
2026-01-20 21:17:10,895 - INFO - BTC is falling, skipping trades
2026-01-20 21:17:51,516 - INFO - BTC is falling, skipping trades
2026-01-20 21:18:10,971 - INFO - BTC is falling, skipping trades
2026-01-20 21:18:51,805 - INFO - BTC is falling, skipping trades
2026-01-20 21:19:11,104 - INFO - BTC is falling, skipping trades
2026-01-20 21:19:52,187 - INFO - BTC is falling, skipping trades
2026-01-20 21:20:11,255 - INFO - BTC is falling, skipping trades
2026-01-20 21:20:52,449 - INFO - BTC is falling, skipping trades
2026-01-20 21:21:11,330 - INFO - BTC is falling, skipping trades
2026-01-20 21:21:52,759 - INFO - BTC is falling, skipping trades
2026-01-20 21:22:11,408 - INFO - BTC is falling, skipping trades
2026-01-20 21:22:53,060 - INFO - BTC is falling, skipping trades
2026-01-20 21:23:11,568 - INFO - BTC is falling, skipping trades
2026-01-20 21:23:53,583 - INFO - BTC is falling, skipping trades
2026-01-20 21:24:11,698 - INFO - BTC is falling, skipping trades
2026-01-20 21:24:53,892 - INFO - BTC is falling, skipping trades
2026-01-20 21:25:11,785 - INFO - BTC is falling, skipping trades
2026-01-20 21:25:54,151 - INFO - BTC is falling, skipping trades
2026-01-20 21:26:11,877 - INFO - BTC is falling, skipping trades
2026-01-20 21:26:54,612 - INFO - BTC is falling, skipping trades
2026-01-20 21:27:12,020 - INFO - BTC is falling, skipping trades
2026-01-20 21:27:54,969 - INFO - BTC is falling, skipping trades
2026-01-20 21:28:12,102 - INFO - BTC is falling, skipping trades
2026-01-20 21:28:55,200 - INFO - BTC is falling, skipping trades
2026-01-20 21:29:12,263 - INFO - BTC is falling, skipping trades
2026-01-20 21:29:55,534 - INFO - BTC is falling, skipping trades
2026-01-20 21:30:12,361 - INFO - BTC is falling, skipping trades
2026-01-20 21:30:55,806 - INFO - BTC is falling, skipping trades
2026-01-20 21:31:12,472 - INFO - BTC is falling, skipping trades
2026-01-20 21:31:56,108 - INFO - BTC is falling, skipping trades
2026-01-20 21:32:12,552 - INFO - BTC is falling, skipping trades
2026-01-20 21:32:56,461 - INFO - BTC is falling, skipping trades
2026-01-20 21:33:12,629 - INFO - BTC is falling, skipping trades
2026-01-20 21:33:57,121 - INFO - BTC is falling, skipping trades
2026-01-20 21:34:12,718 - INFO - BTC is falling, skipping trades
2026-01-20 21:34:57,425 - INFO - BTC is falling, skipping trades
2026-01-20 21:35:12,804 - INFO - BTC is falling, skipping trades
2026-01-20 21:35:57,733 - INFO - BTC is falling, skipping trades
2026-01-20 21:36:12,881 - INFO - BTC is falling, skipping trades
2026-01-20 21:36:57,982 - INFO - BTC is falling, skipping trades
2026-01-20 21:37:12,973 - INFO - BTC is falling, skipping trades
2026-01-20 21:37:58,238 - INFO - BTC is falling, skipping trades
2026-01-20 21:38:13,070 - INFO - BTC is falling, skipping trades
2026-01-20 21:38:58,464 - INFO - BTC is falling, skipping trades
2026-01-20 21:39:13,150 - INFO - BTC is falling, skipping trades
2026-01-20 21:39:58,723 - INFO - BTC is falling, skipping trades
2026-01-20 21:40:13,238 - INFO - BTC is falling, skipping trades
2026-01-20 21:40:59,067 - INFO - BTC is falling, skipping trades
2026-01-20 21:41:13,326 - INFO - BTC is falling, skipping trades
2026-01-20 21:41:59,278 - INFO - BTC is falling, skipping trades
2026-01-20 21:42:13,412 - INFO - BTC is falling, skipping trades
2026-01-20 21:42:59,518 - INFO - BTC is falling, skipping trades
2026-01-20 21:43:13,490 - INFO - BTC is falling, skipping trades
2026-01-20 21:43:59,927 - INFO - BTC is falling, skipping trades
2026-01-20 21:44:13,643 - INFO - BTC is falling, skipping trades
2026-01-20 21:45:00,198 - INFO - BTC is falling, skipping trades
2026-01-20 21:45:13,731 - INFO - BTC is falling, skipping trades
2026-01-20 21:46:00,611 - INFO - BTC is falling, skipping trades
2026-01-20 21:46:13,804 - INFO - BTC is falling, skipping trades
2026-01-20 21:47:00,864 - INFO - BTC is falling, skipping trades
2026-01-20 21:47:13,892 - INFO - BTC is falling, skipping trades
2026-01-20 21:48:01,143 - INFO - BTC is falling, skipping trades
2026-01-20 21:48:13,973 - INFO - BTC is falling, skipping trades
2026-01-20 21:49:01,468 - INFO - BTC is falling, skipping trades
2026-01-20 21:49:14,061 - INFO - BTC is falling, skipping trades
2026-01-20 21:50:01,770 - INFO - BTC is falling, skipping trades
2026-01-20 21:50:14,148 - INFO - BTC is falling, skipping trades
2026-01-20 21:51:01,990 - INFO - BTC is falling, skipping trades
2026-01-20 21:51:14,220 - INFO - BTC is falling, skipping trades
2026-01-20 21:52:02,436 - INFO - BTC is falling, skipping trades
2026-01-20 21:52:14,315 - INFO - BTC is falling, skipping trades
2026-01-20 21:53:02,754 - INFO - BTC is falling, skipping trades
2026-01-20 21:53:14,405 - INFO - BTC is falling, skipping trades
2026-01-20 21:54:03,055 - INFO - BTC is falling, skipping trades
2026-01-20 21:54:14,488 - INFO - BTC is falling, skipping trades
2026-01-20 21:55:03,320 - INFO - BTC is falling, skipping trades
2026-01-20 21:55:14,566 - INFO - BTC is falling, skipping trades
2026-01-20 21:56:03,600 - INFO - BTC is falling, skipping trades
2026-01-20 21:56:14,649 - INFO - BTC is falling, skipping trades
2026-01-20 21:57:04,015 - INFO - BTC is falling, skipping trades
2026-01-20 21:57:14,779 - INFO - BTC is falling, skipping trades
2026-01-20 21:58:04,258 - INFO - BTC is falling, skipping trades
2026-01-20 21:58:14,933 - INFO - BTC is falling, skipping trades
2026-01-20 21:59:04,485 - INFO - BTC is falling, skipping trades
2026-01-20 21:59:15,025 - INFO - BTC is falling, skipping trades
2026-01-20 22:00:04,857 - INFO - BTC is falling, skipping trades
2026-01-20 22:00:15,107 - INFO - BTC is falling, skipping trades
2026-01-20 22:01:05,216 - INFO - BTC is falling, skipping trades
2026-01-20 22:01:15,263 - INFO - BTC is falling, skipping trades
2026-01-20 22:02:05,505 - INFO - BTC is falling, skipping trades
2026-01-20 22:02:15,347 - INFO - BTC is falling, skipping trades
2026-01-20 22:03:05,899 - INFO - BTC is falling, skipping trades
2026-01-20 22:03:15,419 - INFO - BTC is falling, skipping trades
2026-01-20 22:04:06,336 - INFO - BTC is falling, skipping trades
2026-01-20 22:04:15,522 - INFO - BTC is falling, skipping trades
2026-01-20 22:05:06,627 - INFO - BTC is falling, skipping trades
2026-01-20 22:05:15,623 - INFO - BTC is falling, skipping trades
2026-01-20 22:06:06,866 - INFO - BTC is falling, skipping trades
2026-01-20 22:06:15,720 - INFO - BTC is falling, skipping trades
2026-01-20 22:07:07,175 - INFO - BTC is falling, skipping trades
2026-01-20 22:07:15,765 - INFO - BTC is falling, skipping trades
2026-01-20 22:08:07,523 - INFO - BTC is falling, skipping trades
2026-01-20 22:08:15,853 - INFO - BTC is falling, skipping trades
2026-01-20 22:09:07,839 - INFO - BTC is falling, skipping trades
2026-01-20 22:09:15,932 - INFO - BTC is falling, skipping trades
2026-01-20 22:10:08,124 - INFO - BTC is falling, skipping trades
2026-01-20 22:10:16,026 - INFO - BTC is falling, skipping trades
2026-01-20 22:11:08,388 - INFO - BTC is falling, skipping trades
2026-01-20 22:11:16,055 - INFO - BTC is falling, skipping trades
2026-01-20 22:12:08,731 - INFO - BTC is falling, skipping trades
2026-01-20 22:12:16,102 - INFO - BTC is falling, skipping trades
2026-01-20 22:13:09,088 - INFO - BTC is falling, skipping trades
2026-01-20 22:13:16,180 - INFO - BTC is falling, skipping trades
2026-01-20 22:14:09,655 - INFO - BTC is falling, skipping trades
2026-01-20 22:14:16,293 - INFO - BTC is falling, skipping trades
2026-01-20 22:15:09,903 - INFO - BTC is falling, skipping trades
2026-01-20 22:15:16,377 - INFO - BTC is falling, skipping trades
2026-01-20 22:16:10,201 - INFO - BTC is falling, skipping trades
2026-01-20 22:16:16,477 - INFO - BTC is falling, skipping trades
2026-01-20 22:17:10,475 - INFO - BTC is falling, skipping trades
2026-01-20 22:17:16,514 - INFO - BTC is falling, skipping trades
2026-01-20 22:18:10,772 - INFO - BTC is falling, skipping trades
2026-01-20 22:18:16,596 - INFO - BTC is falling, skipping trades
2026-01-20 22:19:11,127 - INFO - BTC is falling, skipping trades
2026-01-20 22:19:16,635 - INFO - BTC is falling, skipping trades
2026-01-20 22:20:11,419 - INFO - BTC is falling, skipping trades
2026-01-20 22:20:16,684 - INFO - BTC is falling, skipping trades
2026-01-20 22:21:11,638 - INFO - BTC is falling, skipping trades
2026-01-20 22:21:16,713 - INFO - BTC is falling, skipping trades
2026-01-20 22:22:11,950 - INFO - BTC is falling, skipping trades
2026-01-20 22:22:16,798 - INFO - BTC is falling, skipping trades
2026-01-20 22:23:12,231 - INFO - BTC is falling, skipping trades
2026-01-20 22:23:16,873 - INFO - BTC is falling, skipping trades
2026-01-20 22:24:12,577 - INFO - BTC is falling, skipping trades
2026-01-20 22:24:16,976 - INFO - BTC is falling, skipping trades
2026-01-20 22:25:12,957 - INFO - BTC is falling, skipping trades
2026-01-20 22:25:17,039 - INFO - BTC is falling, skipping trades
2026-01-20 22:26:13,247 - INFO - BTC is falling, skipping trades
2026-01-20 22:26:17,075 - INFO - BTC is falling, skipping trades
2026-01-20 22:27:13,491 - INFO - BTC is falling, skipping trades
2026-01-20 22:27:17,224 - INFO - BTC is falling, skipping trades
2026-01-20 22:28:13,801 - INFO - BTC is falling, skipping trades
2026-01-20 22:28:17,313 - INFO - BTC is falling, skipping trades
2026-01-20 22:29:14,068 - INFO - BTC is falling, skipping trades
2026-01-20 22:29:17,389 - INFO - BTC is falling, skipping trades
2026-01-20 22:30:14,481 - INFO - BTC is falling, skipping trades
2026-01-20 22:30:17,427 - INFO - BTC is falling, skipping trades
2026-01-20 22:31:14,673 - INFO - BTC is falling, skipping trades
2026-01-20 22:31:17,591 - INFO - BTC is falling, skipping trades
2026-01-20 22:32:14,941 - INFO - BTC is falling, skipping trades
2026-01-20 22:32:17,626 - INFO - BTC is falling, skipping trades
2026-01-20 22:33:15,285 - INFO - BTC is falling, skipping trades
2026-01-20 22:33:17,745 - INFO - BTC is falling, skipping trades
2026-01-20 22:34:15,634 - INFO - BTC is falling, skipping trades
2026-01-20 22:34:17,831 - INFO - BTC is falling, skipping trades
2026-01-20 22:35:15,930 - INFO - BTC is falling, skipping trades
2026-01-20 22:35:17,913 - INFO - BTC is falling, skipping trades
2026-01-20 22:36:16,213 - INFO - BTC is falling, skipping trades
2026-01-20 22:36:18,005 - INFO - BTC is falling, skipping trades
2026-01-20 22:37:16,611 - INFO - BTC is falling, skipping trades
2026-01-20 22:37:18,158 - INFO - BTC is falling, skipping trades
2026-01-20 22:38:17,136 - INFO - BTC is falling, skipping trades
2026-01-20 22:38:18,257 - INFO - BTC is falling, skipping trades
2026-01-20 22:39:17,740 - INFO - BTC is falling, skipping trades
2026-01-20 22:39:18,339 - INFO - BTC is falling, skipping trades
2026-01-20 22:40:18,173 - INFO - BTC is falling, skipping trades
2026-01-20 22:40:18,382 - INFO - BTC is falling, skipping trades
2026-01-20 22:41:18,686 - INFO - BTC is falling, skipping trades
2026-01-20 22:41:18,721 - INFO - BTC is falling, skipping trades
2026-01-20 22:42:18,825 - INFO - BTC is falling, skipping trades
2026-01-20 22:42:19,027 - INFO - BTC is falling, skipping trades
2026-01-20 22:43:18,994 - INFO - BTC is falling, skipping trades
2026-01-20 22:43:19,461 - INFO - BTC is falling, skipping trades
2026-01-20 22:44:19,141 - INFO - BTC is falling, skipping trades
2026-01-20 22:44:19,683 - INFO - BTC is falling, skipping trades
2026-01-20 22:45:19,235 - INFO - BTC is falling, skipping trades
2026-01-20 22:45:19,875 - INFO - BTC is falling, skipping trades
2026-01-20 22:46:19,353 - INFO - BTC is falling, skipping trades
2026-01-20 22:46:20,207 - INFO - BTC is falling, skipping trades
2026-01-20 22:47:19,445 - INFO - BTC is falling, skipping trades
2026-01-20 22:47:20,496 - INFO - BTC is falling, skipping trades
2026-01-20 22:48:19,539 - INFO - BTC is falling, skipping trades
2026-01-20 22:48:20,818 - INFO - BTC is falling, skipping trades
2026-01-20 22:49:19,647 - INFO - BTC is falling, skipping trades
2026-01-20 22:49:21,122 - INFO - BTC is falling, skipping trades
2026-01-20 22:50:19,737 - INFO - BTC is falling, skipping trades
2026-01-20 22:50:21,389 - INFO - BTC is falling, skipping trades
2026-01-20 22:51:19,865 - INFO - BTC is falling, skipping trades
2026-01-20 22:51:21,927 - INFO - BTC is falling, skipping trades
2026-01-20 22:52:19,962 - INFO - BTC is falling, skipping trades
2026-01-20 22:52:22,234 - INFO - BTC is falling, skipping trades
2026-01-20 22:53:20,152 - INFO - BTC is falling, skipping trades
2026-01-20 22:53:22,647 - INFO - BTC is falling, skipping trades
2026-01-20 22:54:20,243 - INFO - BTC is falling, skipping trades
2026-01-20 22:54:22,943 - INFO - BTC is falling, skipping trades
2026-01-20 22:55:20,332 - INFO - BTC is falling, skipping trades
2026-01-20 22:55:23,187 - INFO - BTC is falling, skipping trades
2026-01-20 22:56:20,414 - INFO - BTC is falling, skipping trades
2026-01-20 22:56:23,537 - INFO - BTC is falling, skipping trades
2026-01-20 22:57:20,586 - INFO - BTC is falling, skipping trades
2026-01-20 22:57:23,958 - INFO - BTC is falling, skipping trades
2026-01-20 22:58:20,763 - INFO - BTC is falling, skipping trades
2026-01-20 22:58:24,447 - INFO - BTC is falling, skipping trades
2026-01-20 22:59:20,897 - INFO - BTC is falling, skipping trades
2026-01-20 22:59:24,683 - INFO - BTC is falling, skipping trades
2026-01-20 23:00:20,984 - INFO - BTC is falling, skipping trades
2026-01-20 23:00:24,968 - INFO - BTC is falling, skipping trades
2026-01-20 23:01:21,086 - INFO - BTC is falling, skipping trades
2026-01-20 23:01:25,397 - INFO - BTC is falling, skipping trades
2026-01-20 23:02:21,234 - INFO - BTC is falling, skipping trades
2026-01-20 23:02:25,766 - INFO - BTC is falling, skipping trades
2026-01-20 23:03:21,321 - INFO - BTC is falling, skipping trades
2026-01-20 23:03:26,118 - INFO - BTC is falling, skipping trades
2026-01-20 23:04:21,444 - INFO - BTC is falling, skipping trades
2026-01-20 23:04:26,389 - INFO - BTC is falling, skipping trades
2026-01-20 23:05:21,554 - INFO - BTC is falling, skipping trades
2026-01-20 23:05:26,722 - INFO - BTC is falling, skipping trades
2026-01-20 23:06:21,800 - INFO - BTC is falling, skipping trades
2026-01-20 23:06:27,147 - INFO - BTC is falling, skipping trades
2026-01-20 23:07:21,902 - INFO - BTC is falling, skipping trades
2026-01-20 23:07:27,742 - INFO - BTC is falling, skipping trades
2026-01-20 23:08:22,032 - INFO - BTC is falling, skipping trades
2026-01-20 23:08:28,121 - INFO - BTC is falling, skipping trades
2026-01-20 23:09:22,115 - INFO - BTC is falling, skipping trades
2026-01-20 23:09:28,401 - INFO - BTC is falling, skipping trades
2026-01-20 23:10:22,227 - INFO - BTC is falling, skipping trades
2026-01-20 23:10:28,712 - INFO - BTC is falling, skipping trades
2026-01-20 23:11:22,322 - INFO - BTC is falling, skipping trades
2026-01-20 23:11:29,005 - INFO - BTC is falling, skipping trades
2026-01-20 23:12:22,498 - INFO - BTC is falling, skipping trades
2026-01-20 23:12:29,376 - INFO - BTC is falling, skipping trades
2026-01-20 23:13:22,704 - INFO - BTC is falling, skipping trades
2026-01-20 23:13:29,712 - INFO - BTC is falling, skipping trades
2026-01-20 23:14:22,813 - INFO - BTC is falling, skipping trades
2026-01-20 23:14:29,965 - INFO - BTC is falling, skipping trades
2026-01-20 23:15:22,988 - INFO - BTC is falling, skipping trades
2026-01-20 23:15:30,259 - INFO - BTC is falling, skipping trades
2026-01-20 23:16:23,072 - INFO - BTC is falling, skipping trades
2026-01-20 23:16:30,824 - INFO - BTC is falling, skipping trades
2026-01-20 23:17:23,157 - INFO - BTC is falling, skipping trades
2026-01-20 23:17:31,369 - INFO - BTC is falling, skipping trades
2026-01-20 23:18:23,234 - INFO - BTC is falling, skipping trades
2026-01-20 23:18:31,733 - INFO - BTC is falling, skipping trades
2026-01-20 23:19:23,313 - INFO - BTC is falling, skipping trades
2026-01-20 23:19:32,051 - INFO - BTC is falling, skipping trades
2026-01-20 23:20:23,411 - INFO - BTC is falling, skipping trades
2026-01-20 23:20:32,504 - INFO - BTC is falling, skipping trades
2026-01-20 23:21:23,506 - INFO - BTC is falling, skipping trades
2026-01-20 23:21:32,835 - INFO - BTC is falling, skipping trades
2026-01-20 23:22:23,627 - INFO - BTC is falling, skipping trades
2026-01-20 23:22:33,209 - INFO - BTC is falling, skipping trades
2026-01-20 23:23:23,803 - INFO - BTC is falling, skipping trades
2026-01-20 23:23:33,705 - INFO - BTC is falling, skipping trades
2026-01-20 23:24:23,890 - INFO - BTC is falling, skipping trades
2026-01-20 23:24:34,289 - INFO - BTC is falling, skipping trades
2026-01-20 23:25:23,968 - INFO - BTC is falling, skipping trades
2026-01-20 23:25:34,707 - INFO - BTC is falling, skipping trades
2026-01-20 23:26:24,043 - INFO - BTC is falling, skipping trades
2026-01-20 23:26:35,206 - INFO - BTC is falling, skipping trades
2026-01-20 23:27:24,662 - INFO - BTC is falling, skipping trades
2026-01-20 23:27:35,633 - INFO - BTC is falling, skipping trades
2026-01-20 23:28:24,868 - INFO - BTC is falling, skipping trades
2026-01-20 23:28:39,919 - INFO - BTC is falling, skipping trades
2026-01-20 23:29:25,216 - INFO - BTC is falling, skipping trades
2026-01-20 23:29:42,581 - INFO - BTC is falling, skipping trades
2026-01-20 23:30:25,339 - INFO - BTC is falling, skipping trades
2026-01-20 23:30:42,899 - INFO - BTC is falling, skipping trades
2026-01-20 23:31:25,421 - INFO - BTC is falling, skipping trades
2026-01-20 23:31:44,420 - INFO - BTC is falling, skipping trades
2026-01-20 23:32:25,575 - INFO - BTC is falling, skipping trades
2026-01-20 23:32:44,877 - INFO - BTC is falling, skipping trades
2026-01-20 23:33:25,844 - INFO - BTC is falling, skipping trades
2026-01-20 23:33:46,053 - INFO - BTC is falling, skipping trades
2026-01-20 23:34:26,021 - INFO - BTC is falling, skipping trades
2026-01-20 23:34:46,876 - INFO - BTC is falling, skipping trades
2026-01-20 23:41:04,129 - INFO - BTC is falling, skipping trades
2026-01-20 23:41:25,566 - INFO - BTC is falling, skipping trades
